23285 [main] INFO  org.apache.pig.Main  - Logging error messages to: /opt/yahoo/oozie/sharelib/pig/pig-1366192351034.log
23409 [main] INFO  org.apache.pig.backend.hadoop.executionengine.HExecutionEngine  - Connecting to hadoop file system at: hdfs://localhost:60729
23417 [main] INFO  org.apache.pig.backend.hadoop.executionengine.HExecutionEngine  - Connecting to map-reduce job tracker at: localhost:60739
23636 [main] DEBUG org.apache.pig.parser.QueryParserDriver  - Original macro AST:
(QUERY (STATEMENT A (load '/user/test/opt/yahoo/oozie/sharelib/pig/target/test-data/oozietests/org.apache.oozie.action.hadoop.TestPigMainWithOldAPI/testPigScript/input' (FUNC PigStorage ':'))))

23637 [main] DEBUG org.apache.pig.parser.QueryParserDriver  - macro AST after import:
(QUERY (STATEMENT A (load '/user/test/opt/yahoo/oozie/sharelib/pig/target/test-data/oozietests/org.apache.oozie.action.hadoop.TestPigMainWithOldAPI/testPigScript/input' (FUNC PigStorage ':'))))

23637 [main] DEBUG org.apache.pig.parser.QueryParserDriver  - Resulting macro AST:
(QUERY (STATEMENT A (load '/user/test/opt/yahoo/oozie/sharelib/pig/target/test-data/oozietests/org.apache.oozie.action.hadoop.TestPigMainWithOldAPI/testPigScript/input' (FUNC PigStorage ':'))))

23848 [main] DEBUG org.apache.pig.parser.QueryParserDriver  - Original macro AST:
(QUERY (STATEMENT A (load '/user/test/opt/yahoo/oozie/sharelib/pig/target/test-data/oozietests/org.apache.oozie.action.hadoop.TestPigMainWithOldAPI/testPigScript/input' (FUNC PigStorage ':'))) (STATEMENT B (foreach A (FOREACH_PLAN_SIMPLE (generate $0 (FIELD_DEF id))))))

23848 [main] DEBUG org.apache.pig.parser.QueryParserDriver  - macro AST after import:
(QUERY (STATEMENT A (load '/user/test/opt/yahoo/oozie/sharelib/pig/target/test-data/oozietests/org.apache.oozie.action.hadoop.TestPigMainWithOldAPI/testPigScript/input' (FUNC PigStorage ':'))) (STATEMENT B (foreach A (FOREACH_PLAN_SIMPLE (generate $0 (FIELD_DEF id))))))

23849 [main] DEBUG org.apache.pig.parser.QueryParserDriver  - Resulting macro AST:
(QUERY (STATEMENT A (load '/user/test/opt/yahoo/oozie/sharelib/pig/target/test-data/oozietests/org.apache.oozie.action.hadoop.TestPigMainWithOldAPI/testPigScript/input' (FUNC PigStorage ':'))) (STATEMENT B (foreach A (FOREACH_PLAN_SIMPLE (generate $0 (FIELD_DEF id))))))

23880 [main] DEBUG org.apache.pig.parser.QueryParserDriver  - Original macro AST:
(QUERY (STATEMENT A (load '/user/test/opt/yahoo/oozie/sharelib/pig/target/test-data/oozietests/org.apache.oozie.action.hadoop.TestPigMainWithOldAPI/testPigScript/input' (FUNC PigStorage ':'))) (STATEMENT B (foreach A (FOREACH_PLAN_SIMPLE (generate $0 (FIELD_DEF id))))) (STATEMENT (store B '/user/test/opt/yahoo/oozie/sharelib/pig/target/test-data/oozietests/org.apache.oozie.action.hadoop.TestPigMainWithOldAPI/testPigScript/output' (FUNC PigStorage))))

23880 [main] DEBUG org.apache.pig.parser.QueryParserDriver  - macro AST after import:
(QUERY (STATEMENT A (load '/user/test/opt/yahoo/oozie/sharelib/pig/target/test-data/oozietests/org.apache.oozie.action.hadoop.TestPigMainWithOldAPI/testPigScript/input' (FUNC PigStorage ':'))) (STATEMENT B (foreach A (FOREACH_PLAN_SIMPLE (generate $0 (FIELD_DEF id))))) (STATEMENT (store B '/user/test/opt/yahoo/oozie/sharelib/pig/target/test-data/oozietests/org.apache.oozie.action.hadoop.TestPigMainWithOldAPI/testPigScript/output' (FUNC PigStorage))))

23880 [main] DEBUG org.apache.pig.parser.QueryParserDriver  - Resulting macro AST:
(QUERY (STATEMENT A (load '/user/test/opt/yahoo/oozie/sharelib/pig/target/test-data/oozietests/org.apache.oozie.action.hadoop.TestPigMainWithOldAPI/testPigScript/input' (FUNC PigStorage ':'))) (STATEMENT B (foreach A (FOREACH_PLAN_SIMPLE (generate $0 (FIELD_DEF id))))) (STATEMENT (store B '/user/test/opt/yahoo/oozie/sharelib/pig/target/test-data/oozietests/org.apache.oozie.action.hadoop.TestPigMainWithOldAPI/testPigScript/output' (FUNC PigStorage))))

23892 [main] DEBUG org.apache.pig.parser.QueryParserDriver  - Original macro AST:
(QUERY (STATEMENT A (load '/user/test/opt/yahoo/oozie/sharelib/pig/target/test-data/oozietests/org.apache.oozie.action.hadoop.TestPigMainWithOldAPI/testPigScript/input' (FUNC PigStorage ':'))) (STATEMENT B (foreach A (FOREACH_PLAN_SIMPLE (generate $0 (FIELD_DEF id))))) (STATEMENT (store B '/user/test/opt/yahoo/oozie/sharelib/pig/target/test-data/oozietests/org.apache.oozie.action.hadoop.TestPigMainWithOldAPI/testPigScript/output' (FUNC PigStorage))))

23892 [main] DEBUG org.apache.pig.parser.QueryParserDriver  - macro AST after import:
(QUERY (STATEMENT A (load '/user/test/opt/yahoo/oozie/sharelib/pig/target/test-data/oozietests/org.apache.oozie.action.hadoop.TestPigMainWithOldAPI/testPigScript/input' (FUNC PigStorage ':'))) (STATEMENT B (foreach A (FOREACH_PLAN_SIMPLE (generate $0 (FIELD_DEF id))))) (STATEMENT (store B '/user/test/opt/yahoo/oozie/sharelib/pig/target/test-data/oozietests/org.apache.oozie.action.hadoop.TestPigMainWithOldAPI/testPigScript/output' (FUNC PigStorage))))

23892 [main] DEBUG org.apache.pig.parser.QueryParserDriver  - Resulting macro AST:
(QUERY (STATEMENT A (load '/user/test/opt/yahoo/oozie/sharelib/pig/target/test-data/oozietests/org.apache.oozie.action.hadoop.TestPigMainWithOldAPI/testPigScript/input' (FUNC PigStorage ':'))) (STATEMENT B (foreach A (FOREACH_PLAN_SIMPLE (generate $0 (FIELD_DEF id))))) (STATEMENT (store B '/user/test/opt/yahoo/oozie/sharelib/pig/target/test-data/oozietests/org.apache.oozie.action.hadoop.TestPigMainWithOldAPI/testPigScript/output' (FUNC PigStorage))))

23936 [main] INFO  org.apache.pig.tools.pigstats.ScriptState  - Pig features used in the script: UNKNOWN
24079 [main] DEBUG org.apache.pig.impl.util.SpillableMemoryManager  - Found heap (Code Cache) of type Non-heap memory
24079 [main] DEBUG org.apache.pig.impl.util.SpillableMemoryManager  - Found heap (Par Eden Space) of type Heap memory
24080 [main] DEBUG org.apache.pig.impl.util.SpillableMemoryManager  - Found heap (Par Survivor Space) of type Heap memory
24080 [main] DEBUG org.apache.pig.impl.util.SpillableMemoryManager  - Found heap (CMS Old Gen) of type Heap memory
24080 [main] DEBUG org.apache.pig.impl.util.SpillableMemoryManager  - Found heap (CMS Perm Gen) of type Non-heap memory
24081 [main] DEBUG org.apache.pig.impl.util.SpillableMemoryManager  - Selected heap to monitor (CMS Old Gen)
24100 [main] DEBUG org.apache.pig.impl.logicalLayer.schema.Schema$FieldSchema  - t: 50 Bag: 120 tuple: 110
24126 [main] INFO  org.apache.pig.backend.hadoop.executionengine.mapReduceLayer.MRCompiler  - File concatenation threshold: 100 optimistic? false
24144 [main] DEBUG org.apache.pig.backend.hadoop.executionengine.mapReduceLayer.SampleOptimizer  - Not a sampling job.
24148 [main] DEBUG org.apache.pig.backend.hadoop.executionengine.mapReduceLayer.SecondaryKeyOptimizer  - Cannot find POLocalRearrange or POUnion in map leaf, skip secondary key optimizing
24161 [main] INFO  org.apache.pig.backend.hadoop.executionengine.mapReduceLayer.MultiQueryOptimizer  - MR plan size before optimization: 1
24161 [main] INFO  org.apache.pig.backend.hadoop.executionengine.mapReduceLayer.MultiQueryOptimizer  - MR plan size after optimization: 1
24196 [main] INFO  org.apache.pig.tools.pigstats.ScriptState  - Pig script settings are added to the job
24201 [main] INFO  org.apache.pig.backend.hadoop.executionengine.mapReduceLayer.JobControlCompiler  - mapred.job.reduce.markreset.buffer.percent is not set, set to default 0.3
25496 [main] INFO  org.apache.pig.backend.hadoop.executionengine.mapReduceLayer.JobControlCompiler  - Setting up single store job
25538 [main] INFO  org.apache.pig.backend.hadoop.executionengine.mapReduceLayer.MapReduceLauncher  - 1 map-reduce job(s) waiting for submission.
26032 [Thread-292] INFO  org.apache.pig.backend.hadoop.executionengine.util.MapRedUtil  - Total input paths to process : 1
26040 [main] INFO  org.apache.pig.backend.hadoop.executionengine.mapReduceLayer.MapReduceLauncher  - 0% complete
26064 [Thread-292] INFO  org.apache.pig.backend.hadoop.executionengine.util.MapRedUtil  - Total input paths (combined) to process : 1
27676 [main] INFO  org.apache.pig.backend.hadoop.executionengine.mapReduceLayer.MapReduceLauncher  - HadoopJobId: job_20130417135212398_0001
27676 [main] INFO  org.apache.pig.backend.hadoop.executionengine.mapReduceLayer.MapReduceLauncher  - More information at: http://localhost:60740/jobdetails.jsp?jobid=job_20130417135212398_0001
37765 [main] INFO  org.apache.pig.backend.hadoop.executionengine.mapReduceLayer.MapReduceLauncher  - 50% complete
42348 [main] INFO  org.apache.pig.backend.hadoop.executionengine.mapReduceLayer.MapReduceLauncher  - 100% complete
42352 [main] INFO  org.apache.pig.tools.pigstats.SimplePigStats  - Script Statistics: 

HadoopVersion	PigVersion	UserId	StartedAt	FinishedAt	Features
1.1.1	0.9.0	polzovatel	2013-04-17 13:52:32	2013-04-17 13:52:50	UNKNOWN

Success!

Job Stats (time in seconds):
JobId	Maps	Reduces	MaxMapTime	MinMapTIme	AvgMapTime	MaxReduceTime	MinReduceTime	AvgReduceTime	Alias	Feature	Outputs
job_20130417135212398_0001	1	0	3	3	3	0	0	0	A,B	MAP_ONLY	/user/test/opt/yahoo/oozie/sharelib/pig/target/test-data/oozietests/org.apache.oozie.action.hadoop.TestPigMainWithOldAPI/testPigScript/output,

Input(s):
Successfully read 1 records (495 bytes) from: "/user/test/opt/yahoo/oozie/sharelib/pig/target/test-data/oozietests/org.apache.oozie.action.hadoop.TestPigMainWithOldAPI/testPigScript/input"

Output(s):
Successfully stored 1 records (6 bytes) in: "/user/test/opt/yahoo/oozie/sharelib/pig/target/test-data/oozietests/org.apache.oozie.action.hadoop.TestPigMainWithOldAPI/testPigScript/output"

Counters:
Total records written : 1
Total bytes written : 6
Spillable Memory Manager spill count : 0
Total bags proactively spilled: 0
Total records proactively spilled: 0

Job DAG:
job_20130417135212398_0001


42377 [main] INFO  org.apache.pig.backend.hadoop.executionengine.mapReduceLayer.MapReduceLauncher  - Success!
51643 [main] DEBUG org.apache.pig.impl.util.PropertiesUtil  - Found property fs.s3n.impl=org.apache.hadoop.fs.s3native.NativeS3FileSystem
51643 [main] DEBUG org.apache.pig.impl.util.PropertiesUtil  - Found property mapred.task.cache.levels=2
51643 [main] DEBUG org.apache.pig.impl.util.PropertiesUtil  - Found property mapreduce.job.counters.max=120
51643 [main] DEBUG org.apache.pig.impl.util.PropertiesUtil  - Found property dfs.client.use.datanode.hostname=false
51643 [main] DEBUG org.apache.pig.impl.util.PropertiesUtil  - Found property exectype=mapreduce
51643 [main] DEBUG org.apache.pig.impl.util.PropertiesUtil  - Found property hadoop.tmp.dir=/tmp/hadoop-${user.name}
51643 [main] DEBUG org.apache.pig.impl.util.PropertiesUtil  - Found property hadoop.native.lib=true
51643 [main] DEBUG org.apache.pig.impl.util.PropertiesUtil  - Found property map.sort.class=org.apache.hadoop.util.QuickSort
51643 [main] DEBUG org.apache.pig.impl.util.PropertiesUtil  - Found property dfs.namenode.decommission.nodes.per.interval=5
51644 [main] DEBUG org.apache.pig.impl.util.PropertiesUtil  - Found property dfs.https.need.client.auth=false
51644 [main] DEBUG org.apache.pig.impl.util.PropertiesUtil  - Found property ipc.client.idlethreshold=4000
51644 [main] DEBUG org.apache.pig.impl.util.PropertiesUtil  - Found property debug=INFO
51644 [main] DEBUG org.apache.pig.impl.util.PropertiesUtil  - Found property mapred.system.dir=${hadoop.tmp.dir}/mapred/system
51644 [main] DEBUG org.apache.pig.impl.util.PropertiesUtil  - Found property dfs.datanode.data.dir.perm=755
51644 [main] DEBUG org.apache.pig.impl.util.PropertiesUtil  - Found property mapred.job.tracker.persist.jobstatus.hours=0
51644 [main] DEBUG org.apache.pig.impl.util.PropertiesUtil  - Found property dfs.namenode.logging.level=info
51644 [main] DEBUG org.apache.pig.impl.util.PropertiesUtil  - Found property dfs.datanode.address=0.0.0.0:50010
51644 [main] DEBUG org.apache.pig.impl.util.PropertiesUtil  - Found property io.skip.checksum.errors=false
51644 [main] DEBUG org.apache.pig.impl.util.PropertiesUtil  - Found property dfs.block.access.token.enable=false
51644 [main] DEBUG org.apache.pig.impl.util.PropertiesUtil  - Found property fs.default.name=hdfs://localhost:60729
51644 [main] DEBUG org.apache.pig.impl.util.PropertiesUtil  - Found property mapred.cluster.reduce.memory.mb=-1
51645 [main] DEBUG org.apache.pig.impl.util.PropertiesUtil  - Found property mapred.child.tmp=./tmp
51645 [main] DEBUG org.apache.pig.impl.util.PropertiesUtil  - Found property fs.har.impl.disable.cache=true
51645 [main] DEBUG org.apache.pig.impl.util.PropertiesUtil  - Found property dfs.safemode.threshold.pct=0.999f
51645 [main] DEBUG org.apache.pig.impl.util.PropertiesUtil  - Found property mapred.skip.reduce.max.skip.groups=0
51645 [main] DEBUG org.apache.pig.impl.util.PropertiesUtil  - Found property mapred.heartbeats.in.second=100
51645 [main] DEBUG org.apache.pig.impl.util.PropertiesUtil  - Found property dfs.namenode.handler.count=10
51645 [main] DEBUG org.apache.pig.impl.util.PropertiesUtil  - Found property dfs.blockreport.initialDelay=0
51645 [main] DEBUG org.apache.pig.impl.util.PropertiesUtil  - Found property oozie.action.external.stats.write=true
51645 [main] DEBUG org.apache.pig.impl.util.PropertiesUtil  - Found property mapred.tasktracker.dns.nameserver=default
51645 [main] DEBUG org.apache.pig.impl.util.PropertiesUtil  - Found property io.sort.factor=10
51645 [main] DEBUG org.apache.pig.impl.util.PropertiesUtil  - Found property mapred.task.timeout=600000
51645 [main] DEBUG org.apache.pig.impl.util.PropertiesUtil  - Found property pig.temp.dir=/tmp/
51646 [main] DEBUG org.apache.pig.impl.util.PropertiesUtil  - Found property mapred.max.tracker.failures=4
51646 [main] DEBUG org.apache.pig.impl.util.PropertiesUtil  - Found property hadoop.rpc.socket.factory.class.default=org.apache.hadoop.net.StandardSocketFactory
51646 [main] DEBUG org.apache.pig.impl.util.PropertiesUtil  - Found property mapred.job.tracker.jobhistory.lru.cache.size=5
51646 [main] DEBUG org.apache.pig.impl.util.PropertiesUtil  - Found property fs.hdfs.impl=org.apache.hadoop.hdfs.DistributedFileSystem
51646 [main] DEBUG org.apache.pig.impl.util.PropertiesUtil  - Found property dfs.namenode.stale.datanode.interval=30000
51646 [main] DEBUG org.apache.pig.impl.util.PropertiesUtil  - Found property dfs.block.access.key.update.interval=600
51646 [main] DEBUG org.apache.pig.impl.util.PropertiesUtil  - Found property mapred.skip.map.auto.incr.proc.count=true
51646 [main] DEBUG org.apache.pig.impl.util.PropertiesUtil  - Found property mapreduce.job.complete.cancel.delegation.tokens=true
51646 [main] DEBUG org.apache.pig.impl.util.PropertiesUtil  - Found property io.mapfile.bloom.size=1048576
51646 [main] DEBUG org.apache.pig.impl.util.PropertiesUtil  - Found property mapreduce.reduce.shuffle.connect.timeout=180000
51646 [main] DEBUG org.apache.pig.impl.util.PropertiesUtil  - Found property dfs.safemode.extension=30000
51646 [main] DEBUG org.apache.pig.impl.util.PropertiesUtil  - Found property mapred.jobtracker.blacklist.fault-timeout-window=180
51647 [main] DEBUG org.apache.pig.impl.util.PropertiesUtil  - Found property tasktracker.http.threads=40
51647 [main] DEBUG org.apache.pig.impl.util.PropertiesUtil  - Found property brief=false
51647 [main] DEBUG org.apache.pig.impl.util.PropertiesUtil  - Found property mapred.job.shuffle.merge.percent=0.66
51647 [main] DEBUG org.apache.pig.impl.util.PropertiesUtil  - Found property fs.ftp.impl=org.apache.hadoop.fs.ftp.FTPFileSystem
51647 [main] DEBUG org.apache.pig.impl.util.PropertiesUtil  - Found property user.name=test
51647 [main] DEBUG org.apache.pig.impl.util.PropertiesUtil  - Found property dfs.namenode.kerberos.internal.spnego.principal=${dfs.web.authentication.kerberos.principal}
51647 [main] DEBUG org.apache.pig.impl.util.PropertiesUtil  - Found property mapred.output.compress=false
51647 [main] DEBUG org.apache.pig.impl.util.PropertiesUtil  - Found property io.bytes.per.checksum=512
51647 [main] DEBUG org.apache.pig.impl.util.PropertiesUtil  - Found property mapred.combine.recordsBeforeProgress=10000
51647 [main] DEBUG org.apache.pig.impl.util.PropertiesUtil  - Found property mapred.healthChecker.script.timeout=600000
51648 [main] DEBUG org.apache.pig.impl.util.PropertiesUtil  - Found property topology.node.switch.mapping.impl=org.apache.hadoop.net.ScriptBasedMapping
51648 [main] DEBUG org.apache.pig.impl.util.PropertiesUtil  - Found property dfs.https.server.keystore.resource=ssl-server.xml
51648 [main] DEBUG org.apache.pig.impl.util.PropertiesUtil  - Found property mapred.reduce.slowstart.completed.maps=0.05
51648 [main] DEBUG org.apache.pig.impl.util.PropertiesUtil  - Found property mapred.reduce.max.attempts=1
51648 [main] DEBUG org.apache.pig.impl.util.PropertiesUtil  - Found property dfs.namenode.safemode.min.datanodes=0
51648 [main] DEBUG org.apache.pig.impl.util.PropertiesUtil  - Found property mapreduce.ifile.readahead.bytes=4194304
51648 [main] DEBUG org.apache.pig.impl.util.PropertiesUtil  - Found property fs.ramfs.impl=org.apache.hadoop.fs.InMemoryFileSystem
51648 [main] DEBUG org.apache.pig.impl.util.PropertiesUtil  - Found property dfs.block.access.token.lifetime=600
51648 [main] DEBUG org.apache.pig.impl.util.PropertiesUtil  - Found property mapred.skip.map.max.skip.records=0
51648 [main] DEBUG org.apache.pig.impl.util.PropertiesUtil  - Found property mapred.job.classpath.files=/user/test/opt/yahoo/oozie/sharelib/pig/target/test-data/oozietests/org.apache.oozie.action.hadoop.TestPigMain/testPigScript/paranamer-generator-2.2.jar:/user/test/opt/yahoo/oozie/sharelib/pig/target/test-data/oozietests/org.apache.oozie.action.hadoop.TestPigMain/testPigScript/clover-3.1.7.jar:/user/test/opt/yahoo/oozie/sharelib/pig/target/test-data/oozietests/org.apache.oozie.action.hadoop.TestPigMain/testPigScript/avro-1.3.2.jar:/user/test/opt/yahoo/oozie/sharelib/pig/target/test-data/oozietests/org.apache.oozie.action.hadoop.TestPigMain/testPigScript/paranamer-2.2.jar:/user/test/opt/yahoo/oozie/sharelib/pig/target/test-data/oozietests/org.apache.oozie.action.hadoop.TestPigMain/testPigScript/guava-11.0.2.jar:/user/test/opt/yahoo/oozie/sharelib/pig/target/test-data/oozietests/org.apache.oozie.action.hadoop.TestPigMain/testPigScript/jsr305-1.3.9.jar:/user/test/opt/yahoo/oozie/sharelib/pig/target/test-data/oozietests/org.apache.oozie.action.hadoop.TestPigMain/testPigScript/hsqldb-1.8.0.7.jar:/user/test/opt/yahoo/oozie/sharelib/pig/target/test-data/oozietests/org.apache.oozie.action.hadoop.TestPigMain/testPigScript/paranamer-ant-2.2.jar:/user/test/opt/yahoo/oozie/sharelib/pig/target/test-data/oozietests/org.apache.oozie.action.hadoop.TestPigMain/testPigScript/xmlenc-0.52.jar:/user/test/opt/yahoo/oozie/sharelib/pig/target/test-data/oozietests/org.apache.oozie.action.hadoop.TestPigMain/testPigScript/jackson-core-asl-1.4.2.jar:/user/test/opt/yahoo/oozie/sharelib/pig/target/test-data/oozietests/org.apache.oozie.action.hadoop.TestPigMain/testPigScript/commons-net-1.4.1.jar:/user/test/opt/yahoo/oozie/sharelib/pig/target/test-data/oozietests/org.apache.oozie.action.hadoop.TestPigMain/testPigScript/pig-0.9.0.jar:/user/test/opt/yahoo/oozie/sharelib/pig/target/test-data/oozietests/org.apache.oozie.action.hadoop.TestPigMain/testPigScript/antlr-2.7.7.jar:/user/test/opt/yahoo/oozie/sharelib/pig/target/test-data/oozietests/org.apache.oozie.action.hadoop.TestPigMain/testPigScript/commons-lang-2.4.jar:/user/test/opt/yahoo/oozie/sharelib/pig/target/test-data/oozietests/org.apache.oozie.action.hadoop.TestPigMain/testPigScript/commons-codec-1.4.jar:/user/test/opt/yahoo/oozie/sharelib/pig/target/test-data/oozietests/org.apache.oozie.action.hadoop.TestPigMain/testPigScript/commons-cli-1.2.jar:/user/test/opt/yahoo/oozie/sharelib/pig/target/test-data/oozietests/org.apache.oozie.action.hadoop.TestPigMain/testPigScript/stringtemplate-3.2.1.jar:/user/test/opt/yahoo/oozie/sharelib/pig/target/test-data/oozietests/org.apache.oozie.action.hadoop.TestPigMain/testPigScript/slf4j-api-1.6.6.jar:/user/test/opt/yahoo/oozie/sharelib/pig/target/test-data/oozietests/org.apache.oozie.action.hadoop.TestPigMain/testPigScript/jline-0.9.94.jar:/user/test/opt/yahoo/oozie/sharelib/pig/target/test-data/oozietests/org.apache.oozie.action.hadoop.TestPigMain/testPigScript/asm-3.2.jar:/user/test/opt/yahoo/oozie/sharelib/pig/target/test-data/oozietests/org.apache.oozie.action.hadoop.TestPigMain/testPigScript/jackson-mapper-asl-1.4.2.jar:/user/test/opt/yahoo/oozie/sharelib/pig/target/test-data/oozietests/org.apache.oozie.action.hadoop.TestPigMain/testPigScript/antlr-runtime-3.4.jar:/user/test/opt/yahoo/oozie/sharelib/pig/target/test-data/oozietests/org.apache.oozie.action.hadoop.TestPigMain/testPigScript/jython-2.5.3.jar:/user/test/opt/yahoo/oozie/sharelib/pig/target/test-data/oozietests/org.apache.oozie.action.hadoop.TestPigMain/testPigScript/qdox-1.10.1.jar
51649 [main] DEBUG org.apache.pig.impl.util.PropertiesUtil  - Found property dfs.name.edits.dir=${dfs.name.dir}
51649 [main] DEBUG org.apache.pig.impl.util.PropertiesUtil  - Found property mapred.cluster.map.memory.mb=-1
51649 [main] DEBUG org.apache.pig.impl.util.PropertiesUtil  - Found property hadoop.security.group.mapping=org.apache.hadoop.security.ShellBasedUnixGroupsMapping
51649 [main] DEBUG org.apache.pig.impl.util.PropertiesUtil  - Found property mapred.job.tracker.persist.jobstatus.dir=/jobtracker/jobsInfo
51649 [main] DEBUG org.apache.pig.impl.util.PropertiesUtil  - Found property fs.s3.buffer.dir=${hadoop.tmp.dir}/s3
51649 [main] DEBUG org.apache.pig.impl.util.PropertiesUtil  - Found property dfs.block.size=67108864
51649 [main] DEBUG org.apache.pig.impl.util.PropertiesUtil  - Found property job.end.retry.attempts=0
51649 [main] DEBUG org.apache.pig.impl.util.PropertiesUtil  - Found property fs.file.impl=org.apache.hadoop.fs.LocalFileSystem
51649 [main] DEBUG org.apache.pig.impl.util.PropertiesUtil  - Found property dfs.datanode.max.xcievers=4096
51650 [main] DEBUG org.apache.pig.impl.util.PropertiesUtil  - Found property mapred.local.dir.minspacestart=0
51650 [main] DEBUG org.apache.pig.impl.util.PropertiesUtil  - Found property mapred.output.compression.type=RECORD
51650 [main] DEBUG org.apache.pig.impl.util.PropertiesUtil  - Found property dfs.datanode.ipc.address=0.0.0.0:50020
51650 [main] DEBUG org.apache.pig.impl.util.PropertiesUtil  - Found property dfs.permissions=true
51650 [main] DEBUG org.apache.pig.impl.util.PropertiesUtil  - Found property pig.spill.gc.activation.size=40000000
51650 [main] DEBUG org.apache.pig.impl.util.PropertiesUtil  - Found property topology.script.number.args=100
51650 [main] DEBUG org.apache.pig.impl.util.PropertiesUtil  - Found property mapreduce.job.counters.groups.max=50
51650 [main] DEBUG org.apache.pig.impl.util.PropertiesUtil  - Found property io.mapfile.bloom.error.rate=0.005
51650 [main] DEBUG org.apache.pig.impl.util.PropertiesUtil  - Found property mapred.cluster.max.reduce.memory.mb=-1
51650 [main] DEBUG org.apache.pig.impl.util.PropertiesUtil  - Found property mapred.max.tracker.blacklists=4
51650 [main] DEBUG org.apache.pig.impl.util.PropertiesUtil  - Found property mapred.task.profile.maps=0-2
51650 [main] DEBUG org.apache.pig.impl.util.PropertiesUtil  - Found property dfs.datanode.https.address=0.0.0.0:50475
51650 [main] DEBUG org.apache.pig.impl.util.PropertiesUtil  - Found property mapred.userlog.retain.hours=24
51651 [main] DEBUG org.apache.pig.impl.util.PropertiesUtil  - Found property dfs.secondary.http.address=0.0.0.0:50090
51651 [main] DEBUG org.apache.pig.impl.util.PropertiesUtil  - Found property dfs.namenode.replication.work.multiplier.per.iteration=2
51651 [main] DEBUG org.apache.pig.impl.util.PropertiesUtil  - Found property dfs.replication.max=512
51651 [main] DEBUG org.apache.pig.impl.util.PropertiesUtil  - Found property mapred.job.tracker.persist.jobstatus.active=false
51651 [main] DEBUG org.apache.pig.impl.util.PropertiesUtil  - Found property hadoop.security.authorization=false
51651 [main] DEBUG org.apache.pig.impl.util.PropertiesUtil  - Found property local.cache.size=10737418240
51651 [main] DEBUG org.apache.pig.impl.util.PropertiesUtil  - Found property mapred.min.split.size=0
51651 [main] DEBUG org.apache.pig.impl.util.PropertiesUtil  - Found property dfs.namenode.delegation.token.renew-interval=86400000
51651 [main] DEBUG org.apache.pig.impl.util.PropertiesUtil  - Found property mapred.map.tasks=1
51652 [main] DEBUG org.apache.pig.impl.util.PropertiesUtil  - Found property mapred.child.java.opts=-Xmx200m
51652 [main] DEBUG org.apache.pig.impl.util.PropertiesUtil  - Found property verbose=false
51652 [main] DEBUG org.apache.pig.impl.util.PropertiesUtil  - Found property dfs.https.client.keystore.resource=ssl-client.xml
51652 [main] DEBUG org.apache.pig.impl.util.PropertiesUtil  - Found property mapred.job.queue.name=default
51652 [main] DEBUG org.apache.pig.impl.util.PropertiesUtil  - Found property mapred.job.tracker.retiredjobs.cache.size=1000
51652 [main] DEBUG org.apache.pig.impl.util.PropertiesUtil  - Found property dfs.https.address=0.0.0.0:50470
51652 [main] DEBUG org.apache.pig.impl.util.PropertiesUtil  - Found property dfs.balance.bandwidthPerSec=1048576
51652 [main] DEBUG org.apache.pig.impl.util.PropertiesUtil  - Found property ipc.server.listen.queue.size=128
51652 [main] DEBUG org.apache.pig.impl.util.PropertiesUtil  - Found property dfs.namenode.invalidate.work.pct.per.iteration=0.32f
51652 [main] DEBUG org.apache.pig.impl.util.PropertiesUtil  - Found property group.name=testg
51652 [main] DEBUG org.apache.pig.impl.util.PropertiesUtil  - Found property mapred.inmem.merge.threshold=1000
51652 [main] DEBUG org.apache.pig.impl.util.PropertiesUtil  - Found property job.end.retry.interval=30000
51653 [main] DEBUG org.apache.pig.impl.util.PropertiesUtil  - Found property mapred.skip.attempts.to.start.skipping=2
51653 [main] DEBUG org.apache.pig.impl.util.PropertiesUtil  - Found property mapreduce.tasktracker.outofband.heartbeat.damper=1000000
51653 [main] DEBUG org.apache.pig.impl.util.PropertiesUtil  - Found property hadoop.security.use-weak-http-crypto=false
51653 [main] DEBUG org.apache.pig.impl.util.PropertiesUtil  - Found property fs.checkpoint.dir=${hadoop.tmp.dir}/dfs/namesecondary
51653 [main] DEBUG org.apache.pig.impl.util.PropertiesUtil  - Found property mapred.reduce.tasks=1
51653 [main] DEBUG org.apache.pig.impl.util.PropertiesUtil  - Found property mapred.merge.recordsBeforeProgress=10000
51653 [main] DEBUG org.apache.pig.impl.util.PropertiesUtil  - Found property mapred.userlog.limit.kb=0
51653 [main] DEBUG org.apache.pig.impl.util.PropertiesUtil  - Found property mapred.job.reduce.memory.mb=-1
51653 [main] DEBUG org.apache.pig.impl.util.PropertiesUtil  - Found property webinterface.private.actions=false
51653 [main] DEBUG org.apache.pig.impl.util.PropertiesUtil  - Found property dfs.max.objects=0
51653 [main] DEBUG org.apache.pig.impl.util.PropertiesUtil  - Found property hadoop.security.token.service.use_ip=true
51653 [main] DEBUG org.apache.pig.impl.util.PropertiesUtil  - Found property io.sort.spill.percent=0.80
51653 [main] DEBUG org.apache.pig.impl.util.PropertiesUtil  - Found property mapred.job.shuffle.input.buffer.percent=0.70
51653 [main] DEBUG org.apache.pig.impl.util.PropertiesUtil  - Found property mapred.map.tasks.speculative.execution=true
51653 [main] DEBUG org.apache.pig.impl.util.PropertiesUtil  - Found property hadoop.http.authentication.type=simple
51653 [main] DEBUG org.apache.pig.impl.util.PropertiesUtil  - Found property hadoop.util.hash.type=murmur
51654 [main] DEBUG org.apache.pig.impl.util.PropertiesUtil  - Found property dfs.datanode.dns.nameserver=default
51654 [main] DEBUG org.apache.pig.impl.util.PropertiesUtil  - Found property dfs.blockreport.intervalMsec=3600000
51654 [main] DEBUG org.apache.pig.impl.util.PropertiesUtil  - Found property pig.script.info.enabled=true
51654 [main] DEBUG org.apache.pig.impl.util.PropertiesUtil  - Found property mapred.map.max.attempts=1
51654 [main] DEBUG org.apache.pig.impl.util.PropertiesUtil  - Found property mapreduce.job.acl-view-job= 
51654 [main] DEBUG org.apache.pig.impl.util.PropertiesUtil  - Found property mapreduce.ifile.readahead=true
51654 [main] DEBUG org.apache.pig.impl.util.PropertiesUtil  - Found property mapred.job.tracker.handler.count=10
51654 [main] DEBUG org.apache.pig.impl.util.PropertiesUtil  - Found property pig.optimistic.files.concatenation=false;
51654 [main] DEBUG org.apache.pig.impl.util.PropertiesUtil  - Found property dfs.client.block.write.retries=3
51654 [main] DEBUG org.apache.pig.impl.util.PropertiesUtil  - Found property mapreduce.reduce.shuffle.read.timeout=180000
51654 [main] DEBUG org.apache.pig.impl.util.PropertiesUtil  - Found property mapred.tasktracker.expiry.interval=600000
51654 [main] DEBUG org.apache.pig.impl.util.PropertiesUtil  - Found property dfs.secondary.namenode.kerberos.internal.spnego.principal=${dfs.web.authentication.kerberos.principal}
51654 [main] DEBUG org.apache.pig.impl.util.PropertiesUtil  - Found property dfs.https.enable=false
51654 [main] DEBUG org.apache.pig.impl.util.PropertiesUtil  - Found property mapred.jobtracker.maxtasks.per.job=-1
51654 [main] DEBUG org.apache.pig.impl.util.PropertiesUtil  - Found property mapred.jobtracker.job.history.block.size=3145728
51654 [main] DEBUG org.apache.pig.impl.util.PropertiesUtil  - Found property keep.failed.task.files=false
51654 [main] DEBUG org.apache.pig.impl.util.PropertiesUtil  - Found property dfs.datanode.use.datanode.hostname=false
51655 [main] DEBUG org.apache.pig.impl.util.PropertiesUtil  - Found property dfs.datanode.failed.volumes.tolerated=0
51655 [main] DEBUG org.apache.pig.impl.util.PropertiesUtil  - Found property mapred.task.profile.reduces=0-2
51655 [main] DEBUG org.apache.pig.impl.util.PropertiesUtil  - Found property ipc.client.tcpnodelay=false
51655 [main] DEBUG org.apache.pig.impl.util.PropertiesUtil  - Found property io.map.index.skip=0
51655 [main] DEBUG org.apache.pig.impl.util.PropertiesUtil  - Found property mapred.output.compression.codec=org.apache.hadoop.io.compress.DefaultCodec
51655 [main] DEBUG org.apache.pig.impl.util.PropertiesUtil  - Found property hadoop.http.authentication.token.validity=36000
51655 [main] DEBUG org.apache.pig.impl.util.PropertiesUtil  - Found property ipc.server.tcpnodelay=false
51655 [main] DEBUG org.apache.pig.impl.util.PropertiesUtil  - Found property mapred.jobtracker.blacklist.fault-bucket-width=15
51655 [main] DEBUG org.apache.pig.impl.util.PropertiesUtil  - Found property pig.exec.reducers.max=999
51655 [main] DEBUG org.apache.pig.impl.util.PropertiesUtil  - Found property dfs.namenode.delegation.key.update-interval=86400000
51655 [main] DEBUG org.apache.pig.impl.util.PropertiesUtil  - Found property mapred.job.map.memory.mb=-1
51655 [main] DEBUG org.apache.pig.impl.util.PropertiesUtil  - Found property dfs.default.chunk.view.size=32768
51655 [main] DEBUG org.apache.pig.impl.util.PropertiesUtil  - Found property hadoop.logfile.size=10000000
51655 [main] DEBUG org.apache.pig.impl.util.PropertiesUtil  - Found property mapred.reduce.tasks.speculative.execution=true
51655 [main] DEBUG org.apache.pig.impl.util.PropertiesUtil  - Found property mapreduce.tasktracker.outofband.heartbeat=false
51655 [main] DEBUG org.apache.pig.impl.util.PropertiesUtil  - Found property mapreduce.reduce.input.limit=-1
51655 [main] DEBUG org.apache.pig.impl.util.PropertiesUtil  - Found property dfs.datanode.du.reserved=0
51656 [main] DEBUG org.apache.pig.impl.util.PropertiesUtil  - Found property hadoop.security.authentication=simple
51656 [main] DEBUG org.apache.pig.impl.util.PropertiesUtil  - Found property fs.checkpoint.period=3600
51656 [main] DEBUG org.apache.pig.impl.util.PropertiesUtil  - Found property dfs.web.ugi=webuser,webgroup
51656 [main] DEBUG org.apache.pig.impl.util.PropertiesUtil  - Found property mapred.job.reuse.jvm.num.tasks=1
51656 [main] DEBUG org.apache.pig.impl.util.PropertiesUtil  - Found property mapred.jobtracker.completeuserjobs.maximum=100
51656 [main] DEBUG org.apache.pig.impl.util.PropertiesUtil  - Found property dfs.df.interval=60000
51656 [main] DEBUG org.apache.pig.impl.util.PropertiesUtil  - Found property dfs.data.dir=${hadoop.tmp.dir}/dfs/data
51656 [main] DEBUG org.apache.pig.impl.util.PropertiesUtil  - Found property mapred.task.tracker.task-controller=org.apache.hadoop.mapred.DefaultTaskController
51656 [main] DEBUG org.apache.pig.impl.util.PropertiesUtil  - Found property fs.s3.maxRetries=4
51656 [main] DEBUG org.apache.pig.impl.util.PropertiesUtil  - Found property dfs.datanode.dns.interface=default
51656 [main] DEBUG org.apache.pig.impl.util.PropertiesUtil  - Found property mapred.cluster.max.map.memory.mb=-1
51656 [main] DEBUG org.apache.pig.impl.util.PropertiesUtil  - Found property mapreduce.reduce.shuffle.maxfetchfailures=10
51656 [main] DEBUG org.apache.pig.impl.util.PropertiesUtil  - Found property mapreduce.job.acl-modify-job= 
51656 [main] DEBUG org.apache.pig.impl.util.PropertiesUtil  - Found property fs.hftp.impl=org.apache.hadoop.hdfs.HftpFileSystem
51656 [main] DEBUG org.apache.pig.impl.util.PropertiesUtil  - Found property mapred.local.dir=${hadoop.tmp.dir}/mapred/local
51656 [main] DEBUG org.apache.pig.impl.util.PropertiesUtil  - Found property dfs.permissions.supergroup=supergroup
51657 [main] DEBUG org.apache.pig.impl.util.PropertiesUtil  - Found property fs.trash.interval=0
51657 [main] DEBUG org.apache.pig.impl.util.PropertiesUtil  - Found property fs.s3.sleepTimeSeconds=10
51657 [main] DEBUG org.apache.pig.impl.util.PropertiesUtil  - Found property mapred.submit.replication=10
51657 [main] DEBUG org.apache.pig.impl.util.PropertiesUtil  - Found property dfs.replication.min=1
51657 [main] DEBUG org.apache.pig.impl.util.PropertiesUtil  - Found property fs.har.impl=org.apache.hadoop.fs.HarFileSystem
51657 [main] DEBUG org.apache.pig.impl.util.PropertiesUtil  - Found property mapred.map.output.compression.codec=org.apache.hadoop.io.compress.DefaultCodec
51657 [main] DEBUG org.apache.pig.impl.util.PropertiesUtil  - Found property hadoop.relaxed.worker.version.check=false
51657 [main] DEBUG org.apache.pig.impl.util.PropertiesUtil  - Found property pig.spill.size.threshold=5000000
51657 [main] DEBUG org.apache.pig.impl.util.PropertiesUtil  - Found property mapred.tasktracker.dns.interface=default
51657 [main] DEBUG org.apache.pig.impl.util.PropertiesUtil  - Found property dfs.namenode.decommission.interval=30
51657 [main] DEBUG org.apache.pig.impl.util.PropertiesUtil  - Found property dfs.http.address=0.0.0.0:50070
51657 [main] DEBUG org.apache.pig.impl.util.PropertiesUtil  - Found property mapred.cache.files=hdfs://localhost:60729/user/test/opt/yahoo/oozie/sharelib/pig/target/test-data/oozietests/org.apache.oozie.action.hadoop.TestPigMain/testPigScript/paranamer-generator-2.2.jar,hdfs://localhost:60729/user/test/opt/yahoo/oozie/sharelib/pig/target/test-data/oozietests/org.apache.oozie.action.hadoop.TestPigMain/testPigScript/clover-3.1.7.jar,hdfs://localhost:60729/user/test/opt/yahoo/oozie/sharelib/pig/target/test-data/oozietests/org.apache.oozie.action.hadoop.TestPigMain/testPigScript/avro-1.3.2.jar,hdfs://localhost:60729/user/test/opt/yahoo/oozie/sharelib/pig/target/test-data/oozietests/org.apache.oozie.action.hadoop.TestPigMain/testPigScript/paranamer-2.2.jar,hdfs://localhost:60729/user/test/opt/yahoo/oozie/sharelib/pig/target/test-data/oozietests/org.apache.oozie.action.hadoop.TestPigMain/testPigScript/guava-11.0.2.jar,hdfs://localhost:60729/user/test/opt/yahoo/oozie/sharelib/pig/target/test-data/oozietests/org.apache.oozie.action.hadoop.TestPigMain/testPigScript/jsr305-1.3.9.jar,hdfs://localhost:60729/user/test/opt/yahoo/oozie/sharelib/pig/target/test-data/oozietests/org.apache.oozie.action.hadoop.TestPigMain/testPigScript/hsqldb-1.8.0.7.jar,hdfs://localhost:60729/user/test/opt/yahoo/oozie/sharelib/pig/target/test-data/oozietests/org.apache.oozie.action.hadoop.TestPigMain/testPigScript/paranamer-ant-2.2.jar,hdfs://localhost:60729/user/test/opt/yahoo/oozie/sharelib/pig/target/test-data/oozietests/org.apache.oozie.action.hadoop.TestPigMain/testPigScript/xmlenc-0.52.jar,hdfs://localhost:60729/user/test/opt/yahoo/oozie/sharelib/pig/target/test-data/oozietests/org.apache.oozie.action.hadoop.TestPigMain/testPigScript/jackson-core-asl-1.4.2.jar,hdfs://localhost:60729/user/test/opt/yahoo/oozie/sharelib/pig/target/test-data/oozietests/org.apache.oozie.action.hadoop.TestPigMain/testPigScript/commons-net-1.4.1.jar,hdfs://localhost:60729/user/test/opt/yahoo/oozie/sharelib/pig/target/test-data/oozietests/org.apache.oozie.action.hadoop.TestPigMain/testPigScript/pig-0.9.0.jar,hdfs://localhost:60729/user/test/opt/yahoo/oozie/sharelib/pig/target/test-data/oozietests/org.apache.oozie.action.hadoop.TestPigMain/testPigScript/antlr-2.7.7.jar,hdfs://localhost:60729/user/test/opt/yahoo/oozie/sharelib/pig/target/test-data/oozietests/org.apache.oozie.action.hadoop.TestPigMain/testPigScript/commons-lang-2.4.jar,hdfs://localhost:60729/user/test/opt/yahoo/oozie/sharelib/pig/target/test-data/oozietests/org.apache.oozie.action.hadoop.TestPigMain/testPigScript/commons-codec-1.4.jar,hdfs://localhost:60729/user/test/opt/yahoo/oozie/sharelib/pig/target/test-data/oozietests/org.apache.oozie.action.hadoop.TestPigMain/testPigScript/commons-cli-1.2.jar,hdfs://localhost:60729/user/test/opt/yahoo/oozie/sharelib/pig/target/test-data/oozietests/org.apache.oozie.action.hadoop.TestPigMain/testPigScript/stringtemplate-3.2.1.jar,hdfs://localhost:60729/user/test/opt/yahoo/oozie/sharelib/pig/target/test-data/oozietests/org.apache.oozie.action.hadoop.TestPigMain/testPigScript/slf4j-api-1.6.6.jar,hdfs://localhost:60729/user/test/opt/yahoo/oozie/sharelib/pig/target/test-data/oozietests/org.apache.oozie.action.hadoop.TestPigMain/testPigScript/jline-0.9.94.jar,hdfs://localhost:60729/user/test/opt/yahoo/oozie/sharelib/pig/target/test-data/oozietests/org.apache.oozie.action.hadoop.TestPigMain/testPigScript/asm-3.2.jar,hdfs://localhost:60729/user/test/opt/yahoo/oozie/sharelib/pig/target/test-data/oozietests/org.apache.oozie.action.hadoop.TestPigMain/testPigScript/jackson-mapper-asl-1.4.2.jar,hdfs://localhost:60729/user/test/opt/yahoo/oozie/sharelib/pig/target/test-data/oozietests/org.apache.oozie.action.hadoop.TestPigMain/testPigScript/antlr-runtime-3.4.jar,hdfs://localhost:60729/user/test/opt/yahoo/oozie/sharelib/pig/target/test-data/oozietests/org.apache.oozie.action.hadoop.TestPigMain/testPigScript/jython-2.5.3.jar,hdfs://localhost:60729/user/test/opt/yahoo/oozie/sharelib/pig/target/test-data/oozietests/org.apache.oozie.action.hadoop.TestPigMain/testPigScript/qdox-1.10.1.jar
51658 [main] DEBUG org.apache.pig.impl.util.PropertiesUtil  - Found property dfs.heartbeat.interval=3
51658 [main] DEBUG org.apache.pig.impl.util.PropertiesUtil  - Found property mapred.job.tracker=localhost:60739
51658 [main] DEBUG org.apache.pig.impl.util.PropertiesUtil  - Found property hadoop.http.authentication.signature.secret.file=${user.home}/hadoop-http-auth-signature-secret
51658 [main] DEBUG org.apache.pig.impl.util.PropertiesUtil  - Found property io.seqfile.sorter.recordlimit=1000000
51658 [main] DEBUG org.apache.pig.impl.util.PropertiesUtil  - Found property dfs.name.dir=${hadoop.tmp.dir}/dfs/name
51658 [main] DEBUG org.apache.pig.impl.util.PropertiesUtil  - Found property mapred.line.input.format.linespermap=1
51658 [main] DEBUG org.apache.pig.impl.util.PropertiesUtil  - Found property mapred.jobtracker.taskScheduler=org.apache.hadoop.mapred.JobQueueTaskScheduler
51658 [main] DEBUG org.apache.pig.impl.util.PropertiesUtil  - Found property dfs.datanode.http.address=0.0.0.0:50075
51658 [main] DEBUG org.apache.pig.impl.util.PropertiesUtil  - Found property fs.webhdfs.impl=org.apache.hadoop.hdfs.web.WebHdfsFileSystem
51658 [main] DEBUG org.apache.pig.impl.util.PropertiesUtil  - Found property mapred.local.dir.minspacekill=0
51658 [main] DEBUG org.apache.pig.impl.util.PropertiesUtil  - Found property oozie.pig.script=/opt/yahoo/oozie/sharelib/pig/target/test-data/oozietests/org.apache.oozie.action.hadoop.TestPigMain/testPigScript/script.pig
51658 [main] DEBUG org.apache.pig.impl.util.PropertiesUtil  - Found property dfs.replication.interval=3
51659 [main] DEBUG org.apache.pig.impl.util.PropertiesUtil  - Found property oozie.pig.params.1=OUT=/user/test/opt/yahoo/oozie/sharelib/pig/target/test-data/oozietests/org.apache.oozie.action.hadoop.TestPigMain/testPigScript/output
51659 [main] DEBUG org.apache.pig.impl.util.PropertiesUtil  - Found property io.sort.record.percent=0.05
51659 [main] DEBUG org.apache.pig.impl.util.PropertiesUtil  - Found property oozie.pig.params.0=IN=/user/test/opt/yahoo/oozie/sharelib/pig/target/test-data/oozietests/org.apache.oozie.action.hadoop.TestPigMain/testPigScript/input
51659 [main] DEBUG org.apache.pig.impl.util.PropertiesUtil  - Found property hadoop.http.authentication.kerberos.principal=HTTP/localhost@LOCALHOST
51659 [main] DEBUG org.apache.pig.impl.util.PropertiesUtil  - Found property fs.kfs.impl=org.apache.hadoop.fs.kfs.KosmosFileSystem
51659 [main] DEBUG org.apache.pig.impl.util.PropertiesUtil  - Found property mapred.tasktracker.reduce.tasks.maximum=2
51659 [main] DEBUG org.apache.pig.impl.util.PropertiesUtil  - Found property mapred.temp.dir=${hadoop.tmp.dir}/mapred/temp
51659 [main] DEBUG org.apache.pig.impl.util.PropertiesUtil  - Found property oozie.pig.params.size=2
51659 [main] DEBUG org.apache.pig.impl.util.PropertiesUtil  - Found property dfs.replication=3
51659 [main] DEBUG org.apache.pig.impl.util.PropertiesUtil  - Found property fs.checkpoint.edits.dir=${fs.checkpoint.dir}
51659 [main] DEBUG org.apache.pig.impl.util.PropertiesUtil  - Found property mapred.tasktracker.tasks.sleeptime-before-sigkill=5000
51659 [main] DEBUG org.apache.pig.impl.util.PropertiesUtil  - Found property mapred.job.reduce.input.buffer.percent=0.0
51659 [main] DEBUG org.apache.pig.impl.util.PropertiesUtil  - Found property mapred.tasktracker.indexcache.mb=10
51660 [main] DEBUG org.apache.pig.impl.util.PropertiesUtil  - Found property mapreduce.job.split.metainfo.maxsize=10000000
51660 [main] DEBUG org.apache.pig.impl.util.PropertiesUtil  - Found property mapred.skip.reduce.auto.incr.proc.count=true
51660 [main] DEBUG org.apache.pig.impl.util.PropertiesUtil  - Found property hadoop.logfile.count=10
51660 [main] DEBUG org.apache.pig.impl.util.PropertiesUtil  - Found property io.seqfile.compress.blocksize=1000000
51660 [main] DEBUG org.apache.pig.impl.util.PropertiesUtil  - Found property fs.s3.block.size=67108864
51660 [main] DEBUG org.apache.pig.impl.util.PropertiesUtil  - Found property mapred.tasktracker.taskmemorymanager.monitoring-interval=5000
51660 [main] DEBUG org.apache.pig.impl.util.PropertiesUtil  - Found property hadoop.http.authentication.simple.anonymous.allowed=true
51660 [main] DEBUG org.apache.pig.impl.util.PropertiesUtil  - Found property pig.exec.reducers.bytes.per.reducer=1000000000
51660 [main] DEBUG org.apache.pig.impl.util.PropertiesUtil  - Found property pig.files.concatenation.threshold=100
51660 [main] DEBUG org.apache.pig.impl.util.PropertiesUtil  - Found property mapreduce.jobtracker.staging.root.dir=${hadoop.tmp.dir}/mapred/staging
51660 [main] DEBUG org.apache.pig.impl.util.PropertiesUtil  - Found property mapred.queue.default.state=RUNNING
51660 [main] DEBUG org.apache.pig.impl.util.PropertiesUtil  - Found property mapred.acls.enabled=false
51661 [main] DEBUG org.apache.pig.impl.util.PropertiesUtil  - Found property mapred.queue.names=default
51665 [main] DEBUG org.apache.pig.impl.util.PropertiesUtil  - Found property dfs.namenode.check.stale.datanode=false
51665 [main] DEBUG org.apache.pig.impl.util.PropertiesUtil  - Found property dfs.access.time.precision=3600000
51665 [main] DEBUG org.apache.pig.impl.util.PropertiesUtil  - Found property fs.hsftp.impl=org.apache.hadoop.hdfs.HsftpFileSystem
51665 [main] DEBUG org.apache.pig.impl.util.PropertiesUtil  - Found property mapred.task.tracker.http.address=0.0.0.0:50060
51665 [main] DEBUG org.apache.pig.impl.util.PropertiesUtil  - Found property io.seqfile.lazydecompress=true
51665 [main] DEBUG org.apache.pig.impl.util.PropertiesUtil  - Found property mapred.reduce.parallel.copies=5
51665 [main] DEBUG org.apache.pig.impl.util.PropertiesUtil  - Found property mapred.disk.healthChecker.interval=60000
51665 [main] DEBUG org.apache.pig.impl.util.PropertiesUtil  - Found property ipc.client.connection.maxidletime=10000
51665 [main] DEBUG org.apache.pig.impl.util.PropertiesUtil  - Found property io.sort.mb=100
51665 [main] DEBUG org.apache.pig.impl.util.PropertiesUtil  - Found property hadoop.security.uid.cache.secs=14400
51665 [main] DEBUG org.apache.pig.impl.util.PropertiesUtil  - Found property mapred.compress.map.output=false
51666 [main] DEBUG org.apache.pig.impl.util.PropertiesUtil  - Found property mapred.task.tracker.report.address=127.0.0.1:0
51666 [main] DEBUG org.apache.pig.impl.util.PropertiesUtil  - Found property ipc.client.kill.max=10
51666 [main] DEBUG org.apache.pig.impl.util.PropertiesUtil  - Found property mapred.healthChecker.interval=60000
51666 [main] DEBUG org.apache.pig.impl.util.PropertiesUtil  - Found property ipc.client.connect.max.retries=10
51666 [main] DEBUG org.apache.pig.impl.util.PropertiesUtil  - Found property oozie.pig.args.size=1
51666 [main] DEBUG org.apache.pig.impl.util.PropertiesUtil  - Found property oozie.pig.args.0=-v
51666 [main] DEBUG org.apache.pig.impl.util.PropertiesUtil  - Found property fs.s3.impl=org.apache.hadoop.fs.s3.S3FileSystem
51666 [main] DEBUG org.apache.pig.impl.util.PropertiesUtil  - Found property mapred.user.jobconf.limit=5242880
51666 [main] DEBUG org.apache.pig.impl.util.PropertiesUtil  - Found property mapreduce.job.counters.group.name.max=128
51666 [main] DEBUG org.apache.pig.impl.util.PropertiesUtil  - Found property mapred.job.tracker.http.address=127.0.0.1:60740
51666 [main] DEBUG org.apache.pig.impl.util.PropertiesUtil  - Found property io.file.buffer.size=4096
51666 [main] DEBUG org.apache.pig.impl.util.PropertiesUtil  - Found property mapred.jobtracker.restart.recover=false
51666 [main] DEBUG org.apache.pig.impl.util.PropertiesUtil  - Found property io.serializations=org.apache.hadoop.io.serializer.WritableSerialization
51666 [main] DEBUG org.apache.pig.impl.util.PropertiesUtil  - Found property mapred.task.profile=false
51667 [main] DEBUG org.apache.pig.impl.util.PropertiesUtil  - Found property dfs.datanode.handler.count=3
51667 [main] DEBUG org.apache.pig.impl.util.PropertiesUtil  - Found property dfs.replication.considerLoad=true
51667 [main] DEBUG org.apache.pig.impl.util.PropertiesUtil  - Found property jobclient.output.filter=ALL
51667 [main] DEBUG org.apache.pig.impl.util.PropertiesUtil  - Found property hadoop.http.authentication.kerberos.keytab=${user.home}/hadoop.keytab
51667 [main] DEBUG org.apache.pig.impl.util.PropertiesUtil  - Found property dfs.namenode.delegation.token.max-lifetime=604800000
51667 [main] DEBUG org.apache.pig.impl.util.PropertiesUtil  - Found property mapred.tasktracker.map.tasks.maximum=2
51667 [main] DEBUG org.apache.pig.impl.util.PropertiesUtil  - Found property fs.checkpoint.size=67108864
51667 [main] DEBUG org.apache.pig.impl.util.PropertiesUtil  - Found property io.compression.codecs=org.apache.hadoop.io.compress.DefaultCodec,org.apache.hadoop.io.compress.GzipCodec,org.apache.hadoop.io.compress.BZip2Codec,org.apache.hadoop.io.compress.SnappyCodec
51667 [main] DEBUG org.apache.pig.impl.util.PropertiesUtil  - Found property mapreduce.job.counters.counter.name.max=64
51671 [main] DEBUG org.apache.pig.impl.util.PropertiesUtil  - Found property fs.s3n.impl=org.apache.hadoop.fs.s3native.NativeS3FileSystem
51671 [main] DEBUG org.apache.pig.impl.util.PropertiesUtil  - Found property mapred.task.cache.levels=2
51671 [main] DEBUG org.apache.pig.impl.util.PropertiesUtil  - Found property mapreduce.job.counters.max=120
51671 [main] DEBUG org.apache.pig.impl.util.PropertiesUtil  - Found property dfs.client.use.datanode.hostname=false
51671 [main] DEBUG org.apache.pig.impl.util.PropertiesUtil  - Found property exectype=mapreduce
51671 [main] DEBUG org.apache.pig.impl.util.PropertiesUtil  - Found property hadoop.tmp.dir=/tmp/hadoop-${user.name}
51671 [main] DEBUG org.apache.pig.impl.util.PropertiesUtil  - Found property hadoop.native.lib=true
51671 [main] DEBUG org.apache.pig.impl.util.PropertiesUtil  - Found property map.sort.class=org.apache.hadoop.util.QuickSort
51671 [main] DEBUG org.apache.pig.impl.util.PropertiesUtil  - Found property dfs.namenode.decommission.nodes.per.interval=5
51671 [main] DEBUG org.apache.pig.impl.util.PropertiesUtil  - Found property dfs.https.need.client.auth=false
51671 [main] DEBUG org.apache.pig.impl.util.PropertiesUtil  - Found property ipc.client.idlethreshold=4000
51671 [main] DEBUG org.apache.pig.impl.util.PropertiesUtil  - Found property debug=INFO
51671 [main] DEBUG org.apache.pig.impl.util.PropertiesUtil  - Found property mapred.system.dir=${hadoop.tmp.dir}/mapred/system
51672 [main] DEBUG org.apache.pig.impl.util.PropertiesUtil  - Found property dfs.datanode.data.dir.perm=755
51672 [main] DEBUG org.apache.pig.impl.util.PropertiesUtil  - Found property mapred.job.tracker.persist.jobstatus.hours=0
51672 [main] DEBUG org.apache.pig.impl.util.PropertiesUtil  - Found property dfs.namenode.logging.level=info
51672 [main] DEBUG org.apache.pig.impl.util.PropertiesUtil  - Found property dfs.datanode.address=0.0.0.0:50010
51672 [main] DEBUG org.apache.pig.impl.util.PropertiesUtil  - Found property io.skip.checksum.errors=false
51672 [main] DEBUG org.apache.pig.impl.util.PropertiesUtil  - Found property dfs.block.access.token.enable=false
51672 [main] DEBUG org.apache.pig.impl.util.PropertiesUtil  - Found property fs.default.name=hdfs://localhost:60729
51672 [main] DEBUG org.apache.pig.impl.util.PropertiesUtil  - Found property mapred.cluster.reduce.memory.mb=-1
51672 [main] DEBUG org.apache.pig.impl.util.PropertiesUtil  - Found property mapred.child.tmp=./tmp
51672 [main] DEBUG org.apache.pig.impl.util.PropertiesUtil  - Found property fs.har.impl.disable.cache=true
51672 [main] DEBUG org.apache.pig.impl.util.PropertiesUtil  - Found property dfs.safemode.threshold.pct=0.999f
51672 [main] DEBUG org.apache.pig.impl.util.PropertiesUtil  - Found property mapred.skip.reduce.max.skip.groups=0
51672 [main] DEBUG org.apache.pig.impl.util.PropertiesUtil  - Found property mapred.heartbeats.in.second=100
51672 [main] DEBUG org.apache.pig.impl.util.PropertiesUtil  - Found property dfs.namenode.handler.count=10
51672 [main] DEBUG org.apache.pig.impl.util.PropertiesUtil  - Found property dfs.blockreport.initialDelay=0
51672 [main] DEBUG org.apache.pig.impl.util.PropertiesUtil  - Found property oozie.action.external.stats.write=true
51672 [main] DEBUG org.apache.pig.impl.util.PropertiesUtil  - Found property mapred.tasktracker.dns.nameserver=default
51673 [main] DEBUG org.apache.pig.impl.util.PropertiesUtil  - Found property io.sort.factor=10
51673 [main] DEBUG org.apache.pig.impl.util.PropertiesUtil  - Found property mapred.task.timeout=600000
51673 [main] DEBUG org.apache.pig.impl.util.PropertiesUtil  - Found property pig.temp.dir=/tmp/
51673 [main] DEBUG org.apache.pig.impl.util.PropertiesUtil  - Found property mapred.max.tracker.failures=4
51673 [main] DEBUG org.apache.pig.impl.util.PropertiesUtil  - Found property hadoop.rpc.socket.factory.class.default=org.apache.hadoop.net.StandardSocketFactory
51673 [main] DEBUG org.apache.pig.impl.util.PropertiesUtil  - Found property mapred.job.tracker.jobhistory.lru.cache.size=5
51673 [main] DEBUG org.apache.pig.impl.util.PropertiesUtil  - Found property fs.hdfs.impl=org.apache.hadoop.hdfs.DistributedFileSystem
51673 [main] DEBUG org.apache.pig.impl.util.PropertiesUtil  - Found property dfs.namenode.stale.datanode.interval=30000
51673 [main] DEBUG org.apache.pig.impl.util.PropertiesUtil  - Found property dfs.block.access.key.update.interval=600
51673 [main] DEBUG org.apache.pig.impl.util.PropertiesUtil  - Found property mapred.skip.map.auto.incr.proc.count=true
51673 [main] DEBUG org.apache.pig.impl.util.PropertiesUtil  - Found property mapreduce.job.complete.cancel.delegation.tokens=true
51673 [main] DEBUG org.apache.pig.impl.util.PropertiesUtil  - Found property io.mapfile.bloom.size=1048576
51673 [main] DEBUG org.apache.pig.impl.util.PropertiesUtil  - Found property mapreduce.reduce.shuffle.connect.timeout=180000
51673 [main] DEBUG org.apache.pig.impl.util.PropertiesUtil  - Found property dfs.safemode.extension=30000
51673 [main] DEBUG org.apache.pig.impl.util.PropertiesUtil  - Found property mapred.jobtracker.blacklist.fault-timeout-window=180
51673 [main] DEBUG org.apache.pig.impl.util.PropertiesUtil  - Found property tasktracker.http.threads=40
51673 [main] DEBUG org.apache.pig.impl.util.PropertiesUtil  - Found property brief=false
51674 [main] DEBUG org.apache.pig.impl.util.PropertiesUtil  - Found property mapred.job.shuffle.merge.percent=0.66
51674 [main] DEBUG org.apache.pig.impl.util.PropertiesUtil  - Found property fs.ftp.impl=org.apache.hadoop.fs.ftp.FTPFileSystem
51674 [main] DEBUG org.apache.pig.impl.util.PropertiesUtil  - Found property user.name=test
51674 [main] DEBUG org.apache.pig.impl.util.PropertiesUtil  - Found property dfs.namenode.kerberos.internal.spnego.principal=${dfs.web.authentication.kerberos.principal}
51674 [main] DEBUG org.apache.pig.impl.util.PropertiesUtil  - Found property mapred.output.compress=false
51674 [main] DEBUG org.apache.pig.impl.util.PropertiesUtil  - Found property io.bytes.per.checksum=512
51674 [main] DEBUG org.apache.pig.impl.util.PropertiesUtil  - Found property mapred.combine.recordsBeforeProgress=10000
51674 [main] DEBUG org.apache.pig.impl.util.PropertiesUtil  - Found property mapred.healthChecker.script.timeout=600000
51674 [main] DEBUG org.apache.pig.impl.util.PropertiesUtil  - Found property topology.node.switch.mapping.impl=org.apache.hadoop.net.ScriptBasedMapping
51674 [main] DEBUG org.apache.pig.impl.util.PropertiesUtil  - Found property dfs.https.server.keystore.resource=ssl-server.xml
51674 [main] DEBUG org.apache.pig.impl.util.PropertiesUtil  - Found property mapred.reduce.slowstart.completed.maps=0.05
51674 [main] DEBUG org.apache.pig.impl.util.PropertiesUtil  - Found property mapred.reduce.max.attempts=1
51674 [main] DEBUG org.apache.pig.impl.util.PropertiesUtil  - Found property dfs.namenode.safemode.min.datanodes=0
51674 [main] DEBUG org.apache.pig.impl.util.PropertiesUtil  - Found property mapreduce.ifile.readahead.bytes=4194304
51674 [main] DEBUG org.apache.pig.impl.util.PropertiesUtil  - Found property fs.ramfs.impl=org.apache.hadoop.fs.InMemoryFileSystem
51674 [main] DEBUG org.apache.pig.impl.util.PropertiesUtil  - Found property dfs.block.access.token.lifetime=600
51674 [main] DEBUG org.apache.pig.impl.util.PropertiesUtil  - Found property mapred.skip.map.max.skip.records=0
51675 [main] DEBUG org.apache.pig.impl.util.PropertiesUtil  - Found property mapred.job.classpath.files=/user/test/opt/yahoo/oozie/sharelib/pig/target/test-data/oozietests/org.apache.oozie.action.hadoop.TestPigMain/testPigScript/paranamer-generator-2.2.jar:/user/test/opt/yahoo/oozie/sharelib/pig/target/test-data/oozietests/org.apache.oozie.action.hadoop.TestPigMain/testPigScript/clover-3.1.7.jar:/user/test/opt/yahoo/oozie/sharelib/pig/target/test-data/oozietests/org.apache.oozie.action.hadoop.TestPigMain/testPigScript/avro-1.3.2.jar:/user/test/opt/yahoo/oozie/sharelib/pig/target/test-data/oozietests/org.apache.oozie.action.hadoop.TestPigMain/testPigScript/paranamer-2.2.jar:/user/test/opt/yahoo/oozie/sharelib/pig/target/test-data/oozietests/org.apache.oozie.action.hadoop.TestPigMain/testPigScript/guava-11.0.2.jar:/user/test/opt/yahoo/oozie/sharelib/pig/target/test-data/oozietests/org.apache.oozie.action.hadoop.TestPigMain/testPigScript/jsr305-1.3.9.jar:/user/test/opt/yahoo/oozie/sharelib/pig/target/test-data/oozietests/org.apache.oozie.action.hadoop.TestPigMain/testPigScript/hsqldb-1.8.0.7.jar:/user/test/opt/yahoo/oozie/sharelib/pig/target/test-data/oozietests/org.apache.oozie.action.hadoop.TestPigMain/testPigScript/paranamer-ant-2.2.jar:/user/test/opt/yahoo/oozie/sharelib/pig/target/test-data/oozietests/org.apache.oozie.action.hadoop.TestPigMain/testPigScript/xmlenc-0.52.jar:/user/test/opt/yahoo/oozie/sharelib/pig/target/test-data/oozietests/org.apache.oozie.action.hadoop.TestPigMain/testPigScript/jackson-core-asl-1.4.2.jar:/user/test/opt/yahoo/oozie/sharelib/pig/target/test-data/oozietests/org.apache.oozie.action.hadoop.TestPigMain/testPigScript/commons-net-1.4.1.jar:/user/test/opt/yahoo/oozie/sharelib/pig/target/test-data/oozietests/org.apache.oozie.action.hadoop.TestPigMain/testPigScript/pig-0.9.0.jar:/user/test/opt/yahoo/oozie/sharelib/pig/target/test-data/oozietests/org.apache.oozie.action.hadoop.TestPigMain/testPigScript/antlr-2.7.7.jar:/user/test/opt/yahoo/oozie/sharelib/pig/target/test-data/oozietests/org.apache.oozie.action.hadoop.TestPigMain/testPigScript/commons-lang-2.4.jar:/user/test/opt/yahoo/oozie/sharelib/pig/target/test-data/oozietests/org.apache.oozie.action.hadoop.TestPigMain/testPigScript/commons-codec-1.4.jar:/user/test/opt/yahoo/oozie/sharelib/pig/target/test-data/oozietests/org.apache.oozie.action.hadoop.TestPigMain/testPigScript/commons-cli-1.2.jar:/user/test/opt/yahoo/oozie/sharelib/pig/target/test-data/oozietests/org.apache.oozie.action.hadoop.TestPigMain/testPigScript/stringtemplate-3.2.1.jar:/user/test/opt/yahoo/oozie/sharelib/pig/target/test-data/oozietests/org.apache.oozie.action.hadoop.TestPigMain/testPigScript/slf4j-api-1.6.6.jar:/user/test/opt/yahoo/oozie/sharelib/pig/target/test-data/oozietests/org.apache.oozie.action.hadoop.TestPigMain/testPigScript/jline-0.9.94.jar:/user/test/opt/yahoo/oozie/sharelib/pig/target/test-data/oozietests/org.apache.oozie.action.hadoop.TestPigMain/testPigScript/asm-3.2.jar:/user/test/opt/yahoo/oozie/sharelib/pig/target/test-data/oozietests/org.apache.oozie.action.hadoop.TestPigMain/testPigScript/jackson-mapper-asl-1.4.2.jar:/user/test/opt/yahoo/oozie/sharelib/pig/target/test-data/oozietests/org.apache.oozie.action.hadoop.TestPigMain/testPigScript/antlr-runtime-3.4.jar:/user/test/opt/yahoo/oozie/sharelib/pig/target/test-data/oozietests/org.apache.oozie.action.hadoop.TestPigMain/testPigScript/jython-2.5.3.jar:/user/test/opt/yahoo/oozie/sharelib/pig/target/test-data/oozietests/org.apache.oozie.action.hadoop.TestPigMain/testPigScript/qdox-1.10.1.jar
51675 [main] DEBUG org.apache.pig.impl.util.PropertiesUtil  - Found property dfs.name.edits.dir=${dfs.name.dir}
51675 [main] DEBUG org.apache.pig.impl.util.PropertiesUtil  - Found property mapred.cluster.map.memory.mb=-1
51675 [main] DEBUG org.apache.pig.impl.util.PropertiesUtil  - Found property hadoop.security.group.mapping=org.apache.hadoop.security.ShellBasedUnixGroupsMapping
51675 [main] DEBUG org.apache.pig.impl.util.PropertiesUtil  - Found property mapred.job.tracker.persist.jobstatus.dir=/jobtracker/jobsInfo
51675 [main] DEBUG org.apache.pig.impl.util.PropertiesUtil  - Found property fs.s3.buffer.dir=${hadoop.tmp.dir}/s3
51675 [main] DEBUG org.apache.pig.impl.util.PropertiesUtil  - Found property dfs.block.size=67108864
51675 [main] DEBUG org.apache.pig.impl.util.PropertiesUtil  - Found property job.end.retry.attempts=0
51675 [main] DEBUG org.apache.pig.impl.util.PropertiesUtil  - Found property fs.file.impl=org.apache.hadoop.fs.LocalFileSystem
51675 [main] DEBUG org.apache.pig.impl.util.PropertiesUtil  - Found property dfs.datanode.max.xcievers=4096
51675 [main] DEBUG org.apache.pig.impl.util.PropertiesUtil  - Found property mapred.local.dir.minspacestart=0
51676 [main] DEBUG org.apache.pig.impl.util.PropertiesUtil  - Found property mapred.output.compression.type=RECORD
51676 [main] DEBUG org.apache.pig.impl.util.PropertiesUtil  - Found property dfs.datanode.ipc.address=0.0.0.0:50020
51676 [main] DEBUG org.apache.pig.impl.util.PropertiesUtil  - Found property dfs.permissions=true
51676 [main] DEBUG org.apache.pig.impl.util.PropertiesUtil  - Found property pig.spill.gc.activation.size=40000000
51676 [main] DEBUG org.apache.pig.impl.util.PropertiesUtil  - Found property topology.script.number.args=100
51676 [main] DEBUG org.apache.pig.impl.util.PropertiesUtil  - Found property mapreduce.job.counters.groups.max=50
51676 [main] DEBUG org.apache.pig.impl.util.PropertiesUtil  - Found property io.mapfile.bloom.error.rate=0.005
51676 [main] DEBUG org.apache.pig.impl.util.PropertiesUtil  - Found property mapred.cluster.max.reduce.memory.mb=-1
51676 [main] DEBUG org.apache.pig.impl.util.PropertiesUtil  - Found property mapred.max.tracker.blacklists=4
51676 [main] DEBUG org.apache.pig.impl.util.PropertiesUtil  - Found property mapred.task.profile.maps=0-2
51676 [main] DEBUG org.apache.pig.impl.util.PropertiesUtil  - Found property dfs.datanode.https.address=0.0.0.0:50475
51676 [main] DEBUG org.apache.pig.impl.util.PropertiesUtil  - Found property mapred.userlog.retain.hours=24
51676 [main] DEBUG org.apache.pig.impl.util.PropertiesUtil  - Found property dfs.secondary.http.address=0.0.0.0:50090
51677 [main] DEBUG org.apache.pig.impl.util.PropertiesUtil  - Found property dfs.namenode.replication.work.multiplier.per.iteration=2
51677 [main] DEBUG org.apache.pig.impl.util.PropertiesUtil  - Found property dfs.replication.max=512
51677 [main] DEBUG org.apache.pig.impl.util.PropertiesUtil  - Found property mapred.job.tracker.persist.jobstatus.active=false
51677 [main] DEBUG org.apache.pig.impl.util.PropertiesUtil  - Found property hadoop.security.authorization=false
51677 [main] DEBUG org.apache.pig.impl.util.PropertiesUtil  - Found property local.cache.size=10737418240
51677 [main] DEBUG org.apache.pig.impl.util.PropertiesUtil  - Found property mapred.min.split.size=0
51677 [main] DEBUG org.apache.pig.impl.util.PropertiesUtil  - Found property dfs.namenode.delegation.token.renew-interval=86400000
51677 [main] DEBUG org.apache.pig.impl.util.PropertiesUtil  - Found property mapred.map.tasks=1
51677 [main] DEBUG org.apache.pig.impl.util.PropertiesUtil  - Found property mapred.child.java.opts=-Xmx200m
51677 [main] DEBUG org.apache.pig.impl.util.PropertiesUtil  - Found property verbose=false
51677 [main] DEBUG org.apache.pig.impl.util.PropertiesUtil  - Found property dfs.https.client.keystore.resource=ssl-client.xml
51677 [main] DEBUG org.apache.pig.impl.util.PropertiesUtil  - Found property mapred.job.queue.name=default
51677 [main] DEBUG org.apache.pig.impl.util.PropertiesUtil  - Found property mapred.job.tracker.retiredjobs.cache.size=1000
51677 [main] DEBUG org.apache.pig.impl.util.PropertiesUtil  - Found property dfs.https.address=0.0.0.0:50470
51678 [main] DEBUG org.apache.pig.impl.util.PropertiesUtil  - Found property dfs.balance.bandwidthPerSec=1048576
51678 [main] DEBUG org.apache.pig.impl.util.PropertiesUtil  - Found property ipc.server.listen.queue.size=128
51678 [main] DEBUG org.apache.pig.impl.util.PropertiesUtil  - Found property dfs.namenode.invalidate.work.pct.per.iteration=0.32f
51678 [main] DEBUG org.apache.pig.impl.util.PropertiesUtil  - Found property group.name=testg
51678 [main] DEBUG org.apache.pig.impl.util.PropertiesUtil  - Found property mapred.inmem.merge.threshold=1000
51678 [main] DEBUG org.apache.pig.impl.util.PropertiesUtil  - Found property job.end.retry.interval=30000
51678 [main] DEBUG org.apache.pig.impl.util.PropertiesUtil  - Found property mapred.skip.attempts.to.start.skipping=2
51678 [main] DEBUG org.apache.pig.impl.util.PropertiesUtil  - Found property mapreduce.tasktracker.outofband.heartbeat.damper=1000000
51678 [main] DEBUG org.apache.pig.impl.util.PropertiesUtil  - Found property hadoop.security.use-weak-http-crypto=false
51678 [main] DEBUG org.apache.pig.impl.util.PropertiesUtil  - Found property fs.checkpoint.dir=${hadoop.tmp.dir}/dfs/namesecondary
51678 [main] DEBUG org.apache.pig.impl.util.PropertiesUtil  - Found property mapred.reduce.tasks=1
51678 [main] DEBUG org.apache.pig.impl.util.PropertiesUtil  - Found property mapred.merge.recordsBeforeProgress=10000
51678 [main] DEBUG org.apache.pig.impl.util.PropertiesUtil  - Found property mapred.userlog.limit.kb=0
51679 [main] DEBUG org.apache.pig.impl.util.PropertiesUtil  - Found property mapred.job.reduce.memory.mb=-1
51679 [main] DEBUG org.apache.pig.impl.util.PropertiesUtil  - Found property webinterface.private.actions=false
51679 [main] DEBUG org.apache.pig.impl.util.PropertiesUtil  - Found property dfs.max.objects=0
51679 [main] DEBUG org.apache.pig.impl.util.PropertiesUtil  - Found property hadoop.security.token.service.use_ip=true
51679 [main] DEBUG org.apache.pig.impl.util.PropertiesUtil  - Found property io.sort.spill.percent=0.80
51679 [main] DEBUG org.apache.pig.impl.util.PropertiesUtil  - Found property mapred.job.shuffle.input.buffer.percent=0.70
51679 [main] DEBUG org.apache.pig.impl.util.PropertiesUtil  - Found property mapred.map.tasks.speculative.execution=true
51679 [main] DEBUG org.apache.pig.impl.util.PropertiesUtil  - Found property hadoop.http.authentication.type=simple
51679 [main] DEBUG org.apache.pig.impl.util.PropertiesUtil  - Found property hadoop.util.hash.type=murmur
51679 [main] DEBUG org.apache.pig.impl.util.PropertiesUtil  - Found property dfs.datanode.dns.nameserver=default
51679 [main] DEBUG org.apache.pig.impl.util.PropertiesUtil  - Found property dfs.blockreport.intervalMsec=3600000
51679 [main] DEBUG org.apache.pig.impl.util.PropertiesUtil  - Found property pig.script.info.enabled=true
51679 [main] DEBUG org.apache.pig.impl.util.PropertiesUtil  - Found property mapred.map.max.attempts=1
51679 [main] DEBUG org.apache.pig.impl.util.PropertiesUtil  - Found property mapreduce.job.acl-view-job= 
51680 [main] DEBUG org.apache.pig.impl.util.PropertiesUtil  - Found property mapreduce.ifile.readahead=true
51680 [main] DEBUG org.apache.pig.impl.util.PropertiesUtil  - Found property mapred.job.tracker.handler.count=10
51680 [main] DEBUG org.apache.pig.impl.util.PropertiesUtil  - Found property pig.optimistic.files.concatenation=false;
51680 [main] DEBUG org.apache.pig.impl.util.PropertiesUtil  - Found property dfs.client.block.write.retries=3
51680 [main] DEBUG org.apache.pig.impl.util.PropertiesUtil  - Found property mapreduce.reduce.shuffle.read.timeout=180000
51680 [main] DEBUG org.apache.pig.impl.util.PropertiesUtil  - Found property mapred.tasktracker.expiry.interval=600000
51680 [main] DEBUG org.apache.pig.impl.util.PropertiesUtil  - Found property dfs.secondary.namenode.kerberos.internal.spnego.principal=${dfs.web.authentication.kerberos.principal}
51680 [main] DEBUG org.apache.pig.impl.util.PropertiesUtil  - Found property dfs.https.enable=false
51680 [main] DEBUG org.apache.pig.impl.util.PropertiesUtil  - Found property mapred.jobtracker.maxtasks.per.job=-1
51680 [main] DEBUG org.apache.pig.impl.util.PropertiesUtil  - Found property mapred.jobtracker.job.history.block.size=3145728
51680 [main] DEBUG org.apache.pig.impl.util.PropertiesUtil  - Found property keep.failed.task.files=false
51680 [main] DEBUG org.apache.pig.impl.util.PropertiesUtil  - Found property dfs.datanode.use.datanode.hostname=false
51680 [main] DEBUG org.apache.pig.impl.util.PropertiesUtil  - Found property dfs.datanode.failed.volumes.tolerated=0
51681 [main] DEBUG org.apache.pig.impl.util.PropertiesUtil  - Found property mapred.task.profile.reduces=0-2
51681 [main] DEBUG org.apache.pig.impl.util.PropertiesUtil  - Found property ipc.client.tcpnodelay=false
51681 [main] DEBUG org.apache.pig.impl.util.PropertiesUtil  - Found property io.map.index.skip=0
51681 [main] DEBUG org.apache.pig.impl.util.PropertiesUtil  - Found property mapred.output.compression.codec=org.apache.hadoop.io.compress.DefaultCodec
51681 [main] DEBUG org.apache.pig.impl.util.PropertiesUtil  - Found property hadoop.http.authentication.token.validity=36000
51681 [main] DEBUG org.apache.pig.impl.util.PropertiesUtil  - Found property ipc.server.tcpnodelay=false
51681 [main] DEBUG org.apache.pig.impl.util.PropertiesUtil  - Found property mapred.jobtracker.blacklist.fault-bucket-width=15
51681 [main] DEBUG org.apache.pig.impl.util.PropertiesUtil  - Found property pig.exec.reducers.max=999
51681 [main] DEBUG org.apache.pig.impl.util.PropertiesUtil  - Found property dfs.namenode.delegation.key.update-interval=86400000
51681 [main] DEBUG org.apache.pig.impl.util.PropertiesUtil  - Found property mapred.job.map.memory.mb=-1
51681 [main] DEBUG org.apache.pig.impl.util.PropertiesUtil  - Found property dfs.default.chunk.view.size=32768
51681 [main] DEBUG org.apache.pig.impl.util.PropertiesUtil  - Found property hadoop.logfile.size=10000000
51681 [main] DEBUG org.apache.pig.impl.util.PropertiesUtil  - Found property mapred.reduce.tasks.speculative.execution=true
51682 [main] DEBUG org.apache.pig.impl.util.PropertiesUtil  - Found property mapreduce.tasktracker.outofband.heartbeat=false
51682 [main] DEBUG org.apache.pig.impl.util.PropertiesUtil  - Found property mapreduce.reduce.input.limit=-1
51682 [main] DEBUG org.apache.pig.impl.util.PropertiesUtil  - Found property dfs.datanode.du.reserved=0
51682 [main] DEBUG org.apache.pig.impl.util.PropertiesUtil  - Found property hadoop.security.authentication=simple
51682 [main] DEBUG org.apache.pig.impl.util.PropertiesUtil  - Found property fs.checkpoint.period=3600
51682 [main] DEBUG org.apache.pig.impl.util.PropertiesUtil  - Found property dfs.web.ugi=webuser,webgroup
51682 [main] DEBUG org.apache.pig.impl.util.PropertiesUtil  - Found property mapred.job.reuse.jvm.num.tasks=1
51682 [main] DEBUG org.apache.pig.impl.util.PropertiesUtil  - Found property mapred.jobtracker.completeuserjobs.maximum=100
51682 [main] DEBUG org.apache.pig.impl.util.PropertiesUtil  - Found property dfs.df.interval=60000
51682 [main] DEBUG org.apache.pig.impl.util.PropertiesUtil  - Found property dfs.data.dir=${hadoop.tmp.dir}/dfs/data
51682 [main] DEBUG org.apache.pig.impl.util.PropertiesUtil  - Found property mapred.task.tracker.task-controller=org.apache.hadoop.mapred.DefaultTaskController
51682 [main] DEBUG org.apache.pig.impl.util.PropertiesUtil  - Found property fs.s3.maxRetries=4
51683 [main] DEBUG org.apache.pig.impl.util.PropertiesUtil  - Found property dfs.datanode.dns.interface=default
51683 [main] DEBUG org.apache.pig.impl.util.PropertiesUtil  - Found property mapred.cluster.max.map.memory.mb=-1
51683 [main] DEBUG org.apache.pig.impl.util.PropertiesUtil  - Found property mapreduce.reduce.shuffle.maxfetchfailures=10
51683 [main] DEBUG org.apache.pig.impl.util.PropertiesUtil  - Found property mapreduce.job.acl-modify-job= 
51683 [main] DEBUG org.apache.pig.impl.util.PropertiesUtil  - Found property fs.hftp.impl=org.apache.hadoop.hdfs.HftpFileSystem
51683 [main] DEBUG org.apache.pig.impl.util.PropertiesUtil  - Found property mapred.local.dir=${hadoop.tmp.dir}/mapred/local
51683 [main] DEBUG org.apache.pig.impl.util.PropertiesUtil  - Found property dfs.permissions.supergroup=supergroup
51683 [main] DEBUG org.apache.pig.impl.util.PropertiesUtil  - Found property fs.trash.interval=0
51683 [main] DEBUG org.apache.pig.impl.util.PropertiesUtil  - Found property fs.s3.sleepTimeSeconds=10
51683 [main] DEBUG org.apache.pig.impl.util.PropertiesUtil  - Found property mapred.submit.replication=10
51683 [main] DEBUG org.apache.pig.impl.util.PropertiesUtil  - Found property dfs.replication.min=1
51684 [main] DEBUG org.apache.pig.impl.util.PropertiesUtil  - Found property fs.har.impl=org.apache.hadoop.fs.HarFileSystem
51684 [main] DEBUG org.apache.pig.impl.util.PropertiesUtil  - Found property mapred.map.output.compression.codec=org.apache.hadoop.io.compress.DefaultCodec
51684 [main] DEBUG org.apache.pig.impl.util.PropertiesUtil  - Found property hadoop.relaxed.worker.version.check=false
51684 [main] DEBUG org.apache.pig.impl.util.PropertiesUtil  - Found property pig.spill.size.threshold=5000000
51684 [main] DEBUG org.apache.pig.impl.util.PropertiesUtil  - Found property mapred.tasktracker.dns.interface=default
51684 [main] DEBUG org.apache.pig.impl.util.PropertiesUtil  - Found property dfs.namenode.decommission.interval=30
51684 [main] DEBUG org.apache.pig.impl.util.PropertiesUtil  - Found property dfs.http.address=0.0.0.0:50070
51684 [main] DEBUG org.apache.pig.impl.util.PropertiesUtil  - Found property mapred.cache.files=hdfs://localhost:60729/user/test/opt/yahoo/oozie/sharelib/pig/target/test-data/oozietests/org.apache.oozie.action.hadoop.TestPigMain/testPigScript/paranamer-generator-2.2.jar,hdfs://localhost:60729/user/test/opt/yahoo/oozie/sharelib/pig/target/test-data/oozietests/org.apache.oozie.action.hadoop.TestPigMain/testPigScript/clover-3.1.7.jar,hdfs://localhost:60729/user/test/opt/yahoo/oozie/sharelib/pig/target/test-data/oozietests/org.apache.oozie.action.hadoop.TestPigMain/testPigScript/avro-1.3.2.jar,hdfs://localhost:60729/user/test/opt/yahoo/oozie/sharelib/pig/target/test-data/oozietests/org.apache.oozie.action.hadoop.TestPigMain/testPigScript/paranamer-2.2.jar,hdfs://localhost:60729/user/test/opt/yahoo/oozie/sharelib/pig/target/test-data/oozietests/org.apache.oozie.action.hadoop.TestPigMain/testPigScript/guava-11.0.2.jar,hdfs://localhost:60729/user/test/opt/yahoo/oozie/sharelib/pig/target/test-data/oozietests/org.apache.oozie.action.hadoop.TestPigMain/testPigScript/jsr305-1.3.9.jar,hdfs://localhost:60729/user/test/opt/yahoo/oozie/sharelib/pig/target/test-data/oozietests/org.apache.oozie.action.hadoop.TestPigMain/testPigScript/hsqldb-1.8.0.7.jar,hdfs://localhost:60729/user/test/opt/yahoo/oozie/sharelib/pig/target/test-data/oozietests/org.apache.oozie.action.hadoop.TestPigMain/testPigScript/paranamer-ant-2.2.jar,hdfs://localhost:60729/user/test/opt/yahoo/oozie/sharelib/pig/target/test-data/oozietests/org.apache.oozie.action.hadoop.TestPigMain/testPigScript/xmlenc-0.52.jar,hdfs://localhost:60729/user/test/opt/yahoo/oozie/sharelib/pig/target/test-data/oozietests/org.apache.oozie.action.hadoop.TestPigMain/testPigScript/jackson-core-asl-1.4.2.jar,hdfs://localhost:60729/user/test/opt/yahoo/oozie/sharelib/pig/target/test-data/oozietests/org.apache.oozie.action.hadoop.TestPigMain/testPigScript/commons-net-1.4.1.jar,hdfs://localhost:60729/user/test/opt/yahoo/oozie/sharelib/pig/target/test-data/oozietests/org.apache.oozie.action.hadoop.TestPigMain/testPigScript/pig-0.9.0.jar,hdfs://localhost:60729/user/test/opt/yahoo/oozie/sharelib/pig/target/test-data/oozietests/org.apache.oozie.action.hadoop.TestPigMain/testPigScript/antlr-2.7.7.jar,hdfs://localhost:60729/user/test/opt/yahoo/oozie/sharelib/pig/target/test-data/oozietests/org.apache.oozie.action.hadoop.TestPigMain/testPigScript/commons-lang-2.4.jar,hdfs://localhost:60729/user/test/opt/yahoo/oozie/sharelib/pig/target/test-data/oozietests/org.apache.oozie.action.hadoop.TestPigMain/testPigScript/commons-codec-1.4.jar,hdfs://localhost:60729/user/test/opt/yahoo/oozie/sharelib/pig/target/test-data/oozietests/org.apache.oozie.action.hadoop.TestPigMain/testPigScript/commons-cli-1.2.jar,hdfs://localhost:60729/user/test/opt/yahoo/oozie/sharelib/pig/target/test-data/oozietests/org.apache.oozie.action.hadoop.TestPigMain/testPigScript/stringtemplate-3.2.1.jar,hdfs://localhost:60729/user/test/opt/yahoo/oozie/sharelib/pig/target/test-data/oozietests/org.apache.oozie.action.hadoop.TestPigMain/testPigScript/slf4j-api-1.6.6.jar,hdfs://localhost:60729/user/test/opt/yahoo/oozie/sharelib/pig/target/test-data/oozietests/org.apache.oozie.action.hadoop.TestPigMain/testPigScript/jline-0.9.94.jar,hdfs://localhost:60729/user/test/opt/yahoo/oozie/sharelib/pig/target/test-data/oozietests/org.apache.oozie.action.hadoop.TestPigMain/testPigScript/asm-3.2.jar,hdfs://localhost:60729/user/test/opt/yahoo/oozie/sharelib/pig/target/test-data/oozietests/org.apache.oozie.action.hadoop.TestPigMain/testPigScript/jackson-mapper-asl-1.4.2.jar,hdfs://localhost:60729/user/test/opt/yahoo/oozie/sharelib/pig/target/test-data/oozietests/org.apache.oozie.action.hadoop.TestPigMain/testPigScript/antlr-runtime-3.4.jar,hdfs://localhost:60729/user/test/opt/yahoo/oozie/sharelib/pig/target/test-data/oozietests/org.apache.oozie.action.hadoop.TestPigMain/testPigScript/jython-2.5.3.jar,hdfs://localhost:60729/user/test/opt/yahoo/oozie/sharelib/pig/target/test-data/oozietests/org.apache.oozie.action.hadoop.TestPigMain/testPigScript/qdox-1.10.1.jar
51684 [main] DEBUG org.apache.pig.impl.util.PropertiesUtil  - Found property dfs.heartbeat.interval=3
51684 [main] DEBUG org.apache.pig.impl.util.PropertiesUtil  - Found property mapred.job.tracker=localhost:60739
51684 [main] DEBUG org.apache.pig.impl.util.PropertiesUtil  - Found property hadoop.http.authentication.signature.secret.file=${user.home}/hadoop-http-auth-signature-secret
51685 [main] DEBUG org.apache.pig.impl.util.PropertiesUtil  - Found property io.seqfile.sorter.recordlimit=1000000
51685 [main] DEBUG org.apache.pig.impl.util.PropertiesUtil  - Found property dfs.name.dir=${hadoop.tmp.dir}/dfs/name
51685 [main] DEBUG org.apache.pig.impl.util.PropertiesUtil  - Found property mapred.line.input.format.linespermap=1
51685 [main] DEBUG org.apache.pig.impl.util.PropertiesUtil  - Found property mapred.jobtracker.taskScheduler=org.apache.hadoop.mapred.JobQueueTaskScheduler
51685 [main] DEBUG org.apache.pig.impl.util.PropertiesUtil  - Found property dfs.datanode.http.address=0.0.0.0:50075
51685 [main] DEBUG org.apache.pig.impl.util.PropertiesUtil  - Found property fs.webhdfs.impl=org.apache.hadoop.hdfs.web.WebHdfsFileSystem
51685 [main] DEBUG org.apache.pig.impl.util.PropertiesUtil  - Found property mapred.local.dir.minspacekill=0
51685 [main] DEBUG org.apache.pig.impl.util.PropertiesUtil  - Found property oozie.pig.script=/opt/yahoo/oozie/sharelib/pig/target/test-data/oozietests/org.apache.oozie.action.hadoop.TestPigMain/testPigScript/script.pig
51685 [main] DEBUG org.apache.pig.impl.util.PropertiesUtil  - Found property dfs.replication.interval=3
51685 [main] DEBUG org.apache.pig.impl.util.PropertiesUtil  - Found property oozie.pig.params.1=OUT=/user/test/opt/yahoo/oozie/sharelib/pig/target/test-data/oozietests/org.apache.oozie.action.hadoop.TestPigMain/testPigScript/output
51686 [main] DEBUG org.apache.pig.impl.util.PropertiesUtil  - Found property io.sort.record.percent=0.05
51686 [main] DEBUG org.apache.pig.impl.util.PropertiesUtil  - Found property oozie.pig.params.0=IN=/user/test/opt/yahoo/oozie/sharelib/pig/target/test-data/oozietests/org.apache.oozie.action.hadoop.TestPigMain/testPigScript/input
51686 [main] DEBUG org.apache.pig.impl.util.PropertiesUtil  - Found property hadoop.http.authentication.kerberos.principal=HTTP/localhost@LOCALHOST
51686 [main] DEBUG org.apache.pig.impl.util.PropertiesUtil  - Found property fs.kfs.impl=org.apache.hadoop.fs.kfs.KosmosFileSystem
51686 [main] DEBUG org.apache.pig.impl.util.PropertiesUtil  - Found property mapred.tasktracker.reduce.tasks.maximum=2
51686 [main] DEBUG org.apache.pig.impl.util.PropertiesUtil  - Found property mapred.temp.dir=${hadoop.tmp.dir}/mapred/temp
51686 [main] DEBUG org.apache.pig.impl.util.PropertiesUtil  - Found property oozie.pig.params.size=2
51686 [main] DEBUG org.apache.pig.impl.util.PropertiesUtil  - Found property dfs.replication=3
51686 [main] DEBUG org.apache.pig.impl.util.PropertiesUtil  - Found property fs.checkpoint.edits.dir=${fs.checkpoint.dir}
51686 [main] DEBUG org.apache.pig.impl.util.PropertiesUtil  - Found property mapred.tasktracker.tasks.sleeptime-before-sigkill=5000
51686 [main] DEBUG org.apache.pig.impl.util.PropertiesUtil  - Found property mapred.job.reduce.input.buffer.percent=0.0
51686 [main] DEBUG org.apache.pig.impl.util.PropertiesUtil  - Found property mapred.tasktracker.indexcache.mb=10
51687 [main] DEBUG org.apache.pig.impl.util.PropertiesUtil  - Found property mapreduce.job.split.metainfo.maxsize=10000000
51687 [main] DEBUG org.apache.pig.impl.util.PropertiesUtil  - Found property mapred.skip.reduce.auto.incr.proc.count=true
51687 [main] DEBUG org.apache.pig.impl.util.PropertiesUtil  - Found property hadoop.logfile.count=10
51687 [main] DEBUG org.apache.pig.impl.util.PropertiesUtil  - Found property io.seqfile.compress.blocksize=1000000
51687 [main] DEBUG org.apache.pig.impl.util.PropertiesUtil  - Found property fs.s3.block.size=67108864
51687 [main] DEBUG org.apache.pig.impl.util.PropertiesUtil  - Found property mapred.tasktracker.taskmemorymanager.monitoring-interval=5000
51687 [main] DEBUG org.apache.pig.impl.util.PropertiesUtil  - Found property hadoop.http.authentication.simple.anonymous.allowed=true
51687 [main] DEBUG org.apache.pig.impl.util.PropertiesUtil  - Found property pig.exec.reducers.bytes.per.reducer=1000000000
51687 [main] DEBUG org.apache.pig.impl.util.PropertiesUtil  - Found property pig.files.concatenation.threshold=100
51687 [main] DEBUG org.apache.pig.impl.util.PropertiesUtil  - Found property mapreduce.jobtracker.staging.root.dir=${hadoop.tmp.dir}/mapred/staging
51687 [main] DEBUG org.apache.pig.impl.util.PropertiesUtil  - Found property mapred.queue.default.state=RUNNING
51687 [main] DEBUG org.apache.pig.impl.util.PropertiesUtil  - Found property mapred.acls.enabled=false
51688 [main] DEBUG org.apache.pig.impl.util.PropertiesUtil  - Found property mapred.queue.names=default
51688 [main] DEBUG org.apache.pig.impl.util.PropertiesUtil  - Found property dfs.namenode.check.stale.datanode=false
51688 [main] DEBUG org.apache.pig.impl.util.PropertiesUtil  - Found property dfs.access.time.precision=3600000
51688 [main] DEBUG org.apache.pig.impl.util.PropertiesUtil  - Found property fs.hsftp.impl=org.apache.hadoop.hdfs.HsftpFileSystem
51688 [main] DEBUG org.apache.pig.impl.util.PropertiesUtil  - Found property mapred.task.tracker.http.address=0.0.0.0:50060
51688 [main] DEBUG org.apache.pig.impl.util.PropertiesUtil  - Found property io.seqfile.lazydecompress=true
51688 [main] DEBUG org.apache.pig.impl.util.PropertiesUtil  - Found property mapred.reduce.parallel.copies=5
51688 [main] DEBUG org.apache.pig.impl.util.PropertiesUtil  - Found property mapred.disk.healthChecker.interval=60000
51688 [main] DEBUG org.apache.pig.impl.util.PropertiesUtil  - Found property ipc.client.connection.maxidletime=10000
51688 [main] DEBUG org.apache.pig.impl.util.PropertiesUtil  - Found property io.sort.mb=100
51688 [main] DEBUG org.apache.pig.impl.util.PropertiesUtil  - Found property hadoop.security.uid.cache.secs=14400
51688 [main] DEBUG org.apache.pig.impl.util.PropertiesUtil  - Found property mapred.compress.map.output=false
51689 [main] DEBUG org.apache.pig.impl.util.PropertiesUtil  - Found property mapred.task.tracker.report.address=127.0.0.1:0
51689 [main] DEBUG org.apache.pig.impl.util.PropertiesUtil  - Found property ipc.client.kill.max=10
51689 [main] DEBUG org.apache.pig.impl.util.PropertiesUtil  - Found property mapred.healthChecker.interval=60000
51689 [main] DEBUG org.apache.pig.impl.util.PropertiesUtil  - Found property ipc.client.connect.max.retries=10
51689 [main] DEBUG org.apache.pig.impl.util.PropertiesUtil  - Found property oozie.pig.args.size=1
51689 [main] DEBUG org.apache.pig.impl.util.PropertiesUtil  - Found property oozie.pig.args.0=-v
51689 [main] DEBUG org.apache.pig.impl.util.PropertiesUtil  - Found property fs.s3.impl=org.apache.hadoop.fs.s3.S3FileSystem
51689 [main] DEBUG org.apache.pig.impl.util.PropertiesUtil  - Found property mapred.user.jobconf.limit=5242880
51689 [main] DEBUG org.apache.pig.impl.util.PropertiesUtil  - Found property mapreduce.job.counters.group.name.max=128
51689 [main] DEBUG org.apache.pig.impl.util.PropertiesUtil  - Found property mapred.job.tracker.http.address=127.0.0.1:60740
51689 [main] DEBUG org.apache.pig.impl.util.PropertiesUtil  - Found property io.file.buffer.size=4096
51689 [main] DEBUG org.apache.pig.impl.util.PropertiesUtil  - Found property mapred.jobtracker.restart.recover=false
51690 [main] DEBUG org.apache.pig.impl.util.PropertiesUtil  - Found property io.serializations=org.apache.hadoop.io.serializer.WritableSerialization
51690 [main] DEBUG org.apache.pig.impl.util.PropertiesUtil  - Found property mapred.task.profile=false
51690 [main] DEBUG org.apache.pig.impl.util.PropertiesUtil  - Found property dfs.datanode.handler.count=3
51690 [main] DEBUG org.apache.pig.impl.util.PropertiesUtil  - Found property dfs.replication.considerLoad=true
51690 [main] DEBUG org.apache.pig.impl.util.PropertiesUtil  - Found property jobclient.output.filter=ALL
51690 [main] DEBUG org.apache.pig.impl.util.PropertiesUtil  - Found property hadoop.http.authentication.kerberos.keytab=${user.home}/hadoop.keytab
51690 [main] DEBUG org.apache.pig.impl.util.PropertiesUtil  - Found property dfs.namenode.delegation.token.max-lifetime=604800000
51690 [main] DEBUG org.apache.pig.impl.util.PropertiesUtil  - Found property mapred.tasktracker.map.tasks.maximum=2
51690 [main] DEBUG org.apache.pig.impl.util.PropertiesUtil  - Found property fs.checkpoint.size=67108864
51690 [main] DEBUG org.apache.pig.impl.util.PropertiesUtil  - Found property io.compression.codecs=org.apache.hadoop.io.compress.DefaultCodec,org.apache.hadoop.io.compress.GzipCodec,org.apache.hadoop.io.compress.BZip2Codec,org.apache.hadoop.io.compress.SnappyCodec
51690 [main] DEBUG org.apache.pig.impl.util.PropertiesUtil  - Found property mapreduce.job.counters.counter.name.max=64
