25190 [main] INFO  org.apache.pig.Main  - Logging error messages to: /opt/yahoo/oozie/sharelib/pig/pig-1366699104032.log
25388 [main] INFO  org.apache.pig.backend.hadoop.executionengine.HExecutionEngine  - Connecting to hadoop file system at: hdfs://localhost:64091
25397 [main] INFO  org.apache.pig.backend.hadoop.executionengine.HExecutionEngine  - Connecting to map-reduce job tracker at: localhost:64101
25863 [main] DEBUG org.apache.pig.parser.QueryParserDriver  - Original macro AST:
(QUERY (STATEMENT A (load '/user/test/opt/yahoo/oozie/sharelib/pig/target/test-data/oozietests/org.apache.oozie.action.hadoop.TestPigMainWithOldAPI/testPigScript/input' (FUNC PigStorage ':'))))

25863 [main] DEBUG org.apache.pig.parser.QueryParserDriver  - macro AST after import:
(QUERY (STATEMENT A (load '/user/test/opt/yahoo/oozie/sharelib/pig/target/test-data/oozietests/org.apache.oozie.action.hadoop.TestPigMainWithOldAPI/testPigScript/input' (FUNC PigStorage ':'))))

25864 [main] DEBUG org.apache.pig.parser.QueryParserDriver  - Resulting macro AST:
(QUERY (STATEMENT A (load '/user/test/opt/yahoo/oozie/sharelib/pig/target/test-data/oozietests/org.apache.oozie.action.hadoop.TestPigMainWithOldAPI/testPigScript/input' (FUNC PigStorage ':'))))

26143 [main] DEBUG org.apache.pig.parser.QueryParserDriver  - Original macro AST:
(QUERY (STATEMENT A (load '/user/test/opt/yahoo/oozie/sharelib/pig/target/test-data/oozietests/org.apache.oozie.action.hadoop.TestPigMainWithOldAPI/testPigScript/input' (FUNC PigStorage ':'))) (STATEMENT B (foreach A (FOREACH_PLAN_SIMPLE (generate $0 (FIELD_DEF id))))))

26143 [main] DEBUG org.apache.pig.parser.QueryParserDriver  - macro AST after import:
(QUERY (STATEMENT A (load '/user/test/opt/yahoo/oozie/sharelib/pig/target/test-data/oozietests/org.apache.oozie.action.hadoop.TestPigMainWithOldAPI/testPigScript/input' (FUNC PigStorage ':'))) (STATEMENT B (foreach A (FOREACH_PLAN_SIMPLE (generate $0 (FIELD_DEF id))))))

26143 [main] DEBUG org.apache.pig.parser.QueryParserDriver  - Resulting macro AST:
(QUERY (STATEMENT A (load '/user/test/opt/yahoo/oozie/sharelib/pig/target/test-data/oozietests/org.apache.oozie.action.hadoop.TestPigMainWithOldAPI/testPigScript/input' (FUNC PigStorage ':'))) (STATEMENT B (foreach A (FOREACH_PLAN_SIMPLE (generate $0 (FIELD_DEF id))))))

26192 [main] DEBUG org.apache.pig.parser.QueryParserDriver  - Original macro AST:
(QUERY (STATEMENT A (load '/user/test/opt/yahoo/oozie/sharelib/pig/target/test-data/oozietests/org.apache.oozie.action.hadoop.TestPigMainWithOldAPI/testPigScript/input' (FUNC PigStorage ':'))) (STATEMENT B (foreach A (FOREACH_PLAN_SIMPLE (generate $0 (FIELD_DEF id))))) (STATEMENT (store B '/user/test/opt/yahoo/oozie/sharelib/pig/target/test-data/oozietests/org.apache.oozie.action.hadoop.TestPigMainWithOldAPI/testPigScript/output' (FUNC PigStorage))))

26192 [main] DEBUG org.apache.pig.parser.QueryParserDriver  - macro AST after import:
(QUERY (STATEMENT A (load '/user/test/opt/yahoo/oozie/sharelib/pig/target/test-data/oozietests/org.apache.oozie.action.hadoop.TestPigMainWithOldAPI/testPigScript/input' (FUNC PigStorage ':'))) (STATEMENT B (foreach A (FOREACH_PLAN_SIMPLE (generate $0 (FIELD_DEF id))))) (STATEMENT (store B '/user/test/opt/yahoo/oozie/sharelib/pig/target/test-data/oozietests/org.apache.oozie.action.hadoop.TestPigMainWithOldAPI/testPigScript/output' (FUNC PigStorage))))

26193 [main] DEBUG org.apache.pig.parser.QueryParserDriver  - Resulting macro AST:
(QUERY (STATEMENT A (load '/user/test/opt/yahoo/oozie/sharelib/pig/target/test-data/oozietests/org.apache.oozie.action.hadoop.TestPigMainWithOldAPI/testPigScript/input' (FUNC PigStorage ':'))) (STATEMENT B (foreach A (FOREACH_PLAN_SIMPLE (generate $0 (FIELD_DEF id))))) (STATEMENT (store B '/user/test/opt/yahoo/oozie/sharelib/pig/target/test-data/oozietests/org.apache.oozie.action.hadoop.TestPigMainWithOldAPI/testPigScript/output' (FUNC PigStorage))))

26207 [main] DEBUG org.apache.pig.parser.QueryParserDriver  - Original macro AST:
(QUERY (STATEMENT A (load '/user/test/opt/yahoo/oozie/sharelib/pig/target/test-data/oozietests/org.apache.oozie.action.hadoop.TestPigMainWithOldAPI/testPigScript/input' (FUNC PigStorage ':'))) (STATEMENT B (foreach A (FOREACH_PLAN_SIMPLE (generate $0 (FIELD_DEF id))))) (STATEMENT (store B '/user/test/opt/yahoo/oozie/sharelib/pig/target/test-data/oozietests/org.apache.oozie.action.hadoop.TestPigMainWithOldAPI/testPigScript/output' (FUNC PigStorage))))

26207 [main] DEBUG org.apache.pig.parser.QueryParserDriver  - macro AST after import:
(QUERY (STATEMENT A (load '/user/test/opt/yahoo/oozie/sharelib/pig/target/test-data/oozietests/org.apache.oozie.action.hadoop.TestPigMainWithOldAPI/testPigScript/input' (FUNC PigStorage ':'))) (STATEMENT B (foreach A (FOREACH_PLAN_SIMPLE (generate $0 (FIELD_DEF id))))) (STATEMENT (store B '/user/test/opt/yahoo/oozie/sharelib/pig/target/test-data/oozietests/org.apache.oozie.action.hadoop.TestPigMainWithOldAPI/testPigScript/output' (FUNC PigStorage))))

26207 [main] DEBUG org.apache.pig.parser.QueryParserDriver  - Resulting macro AST:
(QUERY (STATEMENT A (load '/user/test/opt/yahoo/oozie/sharelib/pig/target/test-data/oozietests/org.apache.oozie.action.hadoop.TestPigMainWithOldAPI/testPigScript/input' (FUNC PigStorage ':'))) (STATEMENT B (foreach A (FOREACH_PLAN_SIMPLE (generate $0 (FIELD_DEF id))))) (STATEMENT (store B '/user/test/opt/yahoo/oozie/sharelib/pig/target/test-data/oozietests/org.apache.oozie.action.hadoop.TestPigMainWithOldAPI/testPigScript/output' (FUNC PigStorage))))

26262 [main] INFO  org.apache.pig.tools.pigstats.ScriptState  - Pig features used in the script: UNKNOWN
26492 [main] DEBUG org.apache.pig.impl.util.SpillableMemoryManager  - Found heap (Code Cache) of type Non-heap memory
26492 [main] DEBUG org.apache.pig.impl.util.SpillableMemoryManager  - Found heap (Par Eden Space) of type Heap memory
26493 [main] DEBUG org.apache.pig.impl.util.SpillableMemoryManager  - Found heap (Par Survivor Space) of type Heap memory
26493 [main] DEBUG org.apache.pig.impl.util.SpillableMemoryManager  - Found heap (CMS Old Gen) of type Heap memory
26493 [main] DEBUG org.apache.pig.impl.util.SpillableMemoryManager  - Found heap (CMS Perm Gen) of type Non-heap memory
26493 [main] DEBUG org.apache.pig.impl.util.SpillableMemoryManager  - Selected heap to monitor (CMS Old Gen)
26515 [main] DEBUG org.apache.pig.impl.logicalLayer.schema.Schema$FieldSchema  - t: 50 Bag: 120 tuple: 110
26547 [main] INFO  org.apache.pig.backend.hadoop.executionengine.mapReduceLayer.MRCompiler  - File concatenation threshold: 100 optimistic? false
26574 [main] DEBUG org.apache.pig.backend.hadoop.executionengine.mapReduceLayer.SampleOptimizer  - Not a sampling job.
26579 [main] DEBUG org.apache.pig.backend.hadoop.executionengine.mapReduceLayer.SecondaryKeyOptimizer  - Cannot find POLocalRearrange or POUnion in map leaf, skip secondary key optimizing
26597 [main] INFO  org.apache.pig.backend.hadoop.executionengine.mapReduceLayer.MultiQueryOptimizer  - MR plan size before optimization: 1
26597 [main] INFO  org.apache.pig.backend.hadoop.executionengine.mapReduceLayer.MultiQueryOptimizer  - MR plan size after optimization: 1
26641 [main] INFO  org.apache.pig.tools.pigstats.ScriptState  - Pig script settings are added to the job
26649 [main] INFO  org.apache.pig.backend.hadoop.executionengine.mapReduceLayer.JobControlCompiler  - mapred.job.reduce.markreset.buffer.percent is not set, set to default 0.3
28365 [main] INFO  org.apache.pig.backend.hadoop.executionengine.mapReduceLayer.JobControlCompiler  - Setting up single store job
28424 [main] INFO  org.apache.pig.backend.hadoop.executionengine.mapReduceLayer.MapReduceLauncher  - 1 map-reduce job(s) waiting for submission.
28927 [main] INFO  org.apache.pig.backend.hadoop.executionengine.mapReduceLayer.MapReduceLauncher  - 0% complete
29214 [Thread-290] INFO  org.apache.pig.backend.hadoop.executionengine.util.MapRedUtil  - Total input paths to process : 1
29245 [Thread-290] INFO  org.apache.pig.backend.hadoop.executionengine.util.MapRedUtil  - Total input paths (combined) to process : 1
30195 [main] INFO  org.apache.pig.backend.hadoop.executionengine.mapReduceLayer.MapReduceLauncher  - HadoopJobId: job_20130423103804544_0001
30195 [main] INFO  org.apache.pig.backend.hadoop.executionengine.mapReduceLayer.MapReduceLauncher  - More information at: http://localhost:64102/jobdetails.jsp?jobid=job_20130423103804544_0001
43454 [main] INFO  org.apache.pig.backend.hadoop.executionengine.mapReduceLayer.MapReduceLauncher  - 50% complete
50215 [main] INFO  org.apache.pig.backend.hadoop.executionengine.mapReduceLayer.MapReduceLauncher  - 100% complete
50221 [main] INFO  org.apache.pig.tools.pigstats.SimplePigStats  - Script Statistics: 

HadoopVersion	PigVersion	UserId	StartedAt	FinishedAt	Features
1.1.1	0.9.0	polzovatel	2013-04-23 10:38:25	2013-04-23 10:38:49	UNKNOWN

Success!

Job Stats (time in seconds):
JobId	Maps	Reduces	MaxMapTime	MinMapTIme	AvgMapTime	MaxReduceTime	MinReduceTime	AvgReduceTime	Alias	Feature	Outputs
job_20130423103804544_0001	1	0	5	5	5	0	0	0	A,B	MAP_ONLY	/user/test/opt/yahoo/oozie/sharelib/pig/target/test-data/oozietests/org.apache.oozie.action.hadoop.TestPigMainWithOldAPI/testPigScript/output,

Input(s):
Successfully read 1 records (495 bytes) from: "/user/test/opt/yahoo/oozie/sharelib/pig/target/test-data/oozietests/org.apache.oozie.action.hadoop.TestPigMainWithOldAPI/testPigScript/input"

Output(s):
Successfully stored 1 records (6 bytes) in: "/user/test/opt/yahoo/oozie/sharelib/pig/target/test-data/oozietests/org.apache.oozie.action.hadoop.TestPigMainWithOldAPI/testPigScript/output"

Counters:
Total records written : 1
Total bytes written : 6
Spillable Memory Manager spill count : 0
Total bags proactively spilled: 0
Total records proactively spilled: 0

Job DAG:
job_20130423103804544_0001


50245 [main] INFO  org.apache.pig.backend.hadoop.executionengine.mapReduceLayer.MapReduceLauncher  - Success!
