28524 [main] INFO  org.apache.pig.Main  - Logging error messages to: /opt/yahoo/oozie/sharelib/pig/pig-1366698942540.log
28722 [main] INFO  org.apache.pig.backend.hadoop.executionengine.HExecutionEngine  - Connecting to hadoop file system at: hdfs://localhost:63840
28741 [main] INFO  org.apache.pig.backend.hadoop.executionengine.HExecutionEngine  - Connecting to map-reduce job tracker at: localhost:63850
29022 [main] DEBUG org.apache.pig.parser.QueryParserDriver  - Original macro AST:
(QUERY (STATEMENT A (load '/user/test/opt/yahoo/oozie/sharelib/pig/target/test-data/oozietests/org.apache.oozie.action.hadoop.TestPigMainWithOldAPI/testPigScript/input' (FUNC PigStorage ':'))))

29022 [main] DEBUG org.apache.pig.parser.QueryParserDriver  - macro AST after import:
(QUERY (STATEMENT A (load '/user/test/opt/yahoo/oozie/sharelib/pig/target/test-data/oozietests/org.apache.oozie.action.hadoop.TestPigMainWithOldAPI/testPigScript/input' (FUNC PigStorage ':'))))

29022 [main] DEBUG org.apache.pig.parser.QueryParserDriver  - Resulting macro AST:
(QUERY (STATEMENT A (load '/user/test/opt/yahoo/oozie/sharelib/pig/target/test-data/oozietests/org.apache.oozie.action.hadoop.TestPigMainWithOldAPI/testPigScript/input' (FUNC PigStorage ':'))))

29330 [main] DEBUG org.apache.pig.parser.QueryParserDriver  - Original macro AST:
(QUERY (STATEMENT A (load '/user/test/opt/yahoo/oozie/sharelib/pig/target/test-data/oozietests/org.apache.oozie.action.hadoop.TestPigMainWithOldAPI/testPigScript/input' (FUNC PigStorage ':'))) (STATEMENT B (foreach A (FOREACH_PLAN_SIMPLE (generate $0 (FIELD_DEF id))))))

29331 [main] DEBUG org.apache.pig.parser.QueryParserDriver  - macro AST after import:
(QUERY (STATEMENT A (load '/user/test/opt/yahoo/oozie/sharelib/pig/target/test-data/oozietests/org.apache.oozie.action.hadoop.TestPigMainWithOldAPI/testPigScript/input' (FUNC PigStorage ':'))) (STATEMENT B (foreach A (FOREACH_PLAN_SIMPLE (generate $0 (FIELD_DEF id))))))

29331 [main] DEBUG org.apache.pig.parser.QueryParserDriver  - Resulting macro AST:
(QUERY (STATEMENT A (load '/user/test/opt/yahoo/oozie/sharelib/pig/target/test-data/oozietests/org.apache.oozie.action.hadoop.TestPigMainWithOldAPI/testPigScript/input' (FUNC PigStorage ':'))) (STATEMENT B (foreach A (FOREACH_PLAN_SIMPLE (generate $0 (FIELD_DEF id))))))

29383 [main] DEBUG org.apache.pig.parser.QueryParserDriver  - Original macro AST:
(QUERY (STATEMENT A (load '/user/test/opt/yahoo/oozie/sharelib/pig/target/test-data/oozietests/org.apache.oozie.action.hadoop.TestPigMainWithOldAPI/testPigScript/input' (FUNC PigStorage ':'))) (STATEMENT B (foreach A (FOREACH_PLAN_SIMPLE (generate $0 (FIELD_DEF id))))) (STATEMENT (store B '/user/test/opt/yahoo/oozie/sharelib/pig/target/test-data/oozietests/org.apache.oozie.action.hadoop.TestPigMainWithOldAPI/testPigScript/output' (FUNC PigStorage))))

29383 [main] DEBUG org.apache.pig.parser.QueryParserDriver  - macro AST after import:
(QUERY (STATEMENT A (load '/user/test/opt/yahoo/oozie/sharelib/pig/target/test-data/oozietests/org.apache.oozie.action.hadoop.TestPigMainWithOldAPI/testPigScript/input' (FUNC PigStorage ':'))) (STATEMENT B (foreach A (FOREACH_PLAN_SIMPLE (generate $0 (FIELD_DEF id))))) (STATEMENT (store B '/user/test/opt/yahoo/oozie/sharelib/pig/target/test-data/oozietests/org.apache.oozie.action.hadoop.TestPigMainWithOldAPI/testPigScript/output' (FUNC PigStorage))))

29383 [main] DEBUG org.apache.pig.parser.QueryParserDriver  - Resulting macro AST:
(QUERY (STATEMENT A (load '/user/test/opt/yahoo/oozie/sharelib/pig/target/test-data/oozietests/org.apache.oozie.action.hadoop.TestPigMainWithOldAPI/testPigScript/input' (FUNC PigStorage ':'))) (STATEMENT B (foreach A (FOREACH_PLAN_SIMPLE (generate $0 (FIELD_DEF id))))) (STATEMENT (store B '/user/test/opt/yahoo/oozie/sharelib/pig/target/test-data/oozietests/org.apache.oozie.action.hadoop.TestPigMainWithOldAPI/testPigScript/output' (FUNC PigStorage))))

29396 [main] DEBUG org.apache.pig.parser.QueryParserDriver  - Original macro AST:
(QUERY (STATEMENT A (load '/user/test/opt/yahoo/oozie/sharelib/pig/target/test-data/oozietests/org.apache.oozie.action.hadoop.TestPigMainWithOldAPI/testPigScript/input' (FUNC PigStorage ':'))) (STATEMENT B (foreach A (FOREACH_PLAN_SIMPLE (generate $0 (FIELD_DEF id))))) (STATEMENT (store B '/user/test/opt/yahoo/oozie/sharelib/pig/target/test-data/oozietests/org.apache.oozie.action.hadoop.TestPigMainWithOldAPI/testPigScript/output' (FUNC PigStorage))))

29397 [main] DEBUG org.apache.pig.parser.QueryParserDriver  - macro AST after import:
(QUERY (STATEMENT A (load '/user/test/opt/yahoo/oozie/sharelib/pig/target/test-data/oozietests/org.apache.oozie.action.hadoop.TestPigMainWithOldAPI/testPigScript/input' (FUNC PigStorage ':'))) (STATEMENT B (foreach A (FOREACH_PLAN_SIMPLE (generate $0 (FIELD_DEF id))))) (STATEMENT (store B '/user/test/opt/yahoo/oozie/sharelib/pig/target/test-data/oozietests/org.apache.oozie.action.hadoop.TestPigMainWithOldAPI/testPigScript/output' (FUNC PigStorage))))

29397 [main] DEBUG org.apache.pig.parser.QueryParserDriver  - Resulting macro AST:
(QUERY (STATEMENT A (load '/user/test/opt/yahoo/oozie/sharelib/pig/target/test-data/oozietests/org.apache.oozie.action.hadoop.TestPigMainWithOldAPI/testPigScript/input' (FUNC PigStorage ':'))) (STATEMENT B (foreach A (FOREACH_PLAN_SIMPLE (generate $0 (FIELD_DEF id))))) (STATEMENT (store B '/user/test/opt/yahoo/oozie/sharelib/pig/target/test-data/oozietests/org.apache.oozie.action.hadoop.TestPigMainWithOldAPI/testPigScript/output' (FUNC PigStorage))))

29454 [main] INFO  org.apache.pig.tools.pigstats.ScriptState  - Pig features used in the script: UNKNOWN
29663 [main] DEBUG org.apache.pig.impl.util.SpillableMemoryManager  - Found heap (Code Cache) of type Non-heap memory
29663 [main] DEBUG org.apache.pig.impl.util.SpillableMemoryManager  - Found heap (Par Eden Space) of type Heap memory
29665 [main] DEBUG org.apache.pig.impl.util.SpillableMemoryManager  - Found heap (Par Survivor Space) of type Heap memory
29665 [main] DEBUG org.apache.pig.impl.util.SpillableMemoryManager  - Found heap (CMS Old Gen) of type Heap memory
29665 [main] DEBUG org.apache.pig.impl.util.SpillableMemoryManager  - Found heap (CMS Perm Gen) of type Non-heap memory
29665 [main] DEBUG org.apache.pig.impl.util.SpillableMemoryManager  - Selected heap to monitor (CMS Old Gen)
29686 [main] DEBUG org.apache.pig.impl.logicalLayer.schema.Schema$FieldSchema  - t: 50 Bag: 120 tuple: 110
29721 [main] INFO  org.apache.pig.backend.hadoop.executionengine.mapReduceLayer.MRCompiler  - File concatenation threshold: 100 optimistic? false
29741 [main] DEBUG org.apache.pig.backend.hadoop.executionengine.mapReduceLayer.SampleOptimizer  - Not a sampling job.
29751 [main] DEBUG org.apache.pig.backend.hadoop.executionengine.mapReduceLayer.SecondaryKeyOptimizer  - Cannot find POLocalRearrange or POUnion in map leaf, skip secondary key optimizing
29770 [main] INFO  org.apache.pig.backend.hadoop.executionengine.mapReduceLayer.MultiQueryOptimizer  - MR plan size before optimization: 1
29770 [main] INFO  org.apache.pig.backend.hadoop.executionengine.mapReduceLayer.MultiQueryOptimizer  - MR plan size after optimization: 1
29819 [main] INFO  org.apache.pig.tools.pigstats.ScriptState  - Pig script settings are added to the job
29831 [main] INFO  org.apache.pig.backend.hadoop.executionengine.mapReduceLayer.JobControlCompiler  - mapred.job.reduce.markreset.buffer.percent is not set, set to default 0.3
31475 [main] INFO  org.apache.pig.backend.hadoop.executionengine.mapReduceLayer.JobControlCompiler  - Setting up single store job
31525 [main] INFO  org.apache.pig.backend.hadoop.executionengine.mapReduceLayer.MapReduceLauncher  - 1 map-reduce job(s) waiting for submission.
32028 [main] INFO  org.apache.pig.backend.hadoop.executionengine.mapReduceLayer.MapReduceLauncher  - 0% complete
32340 [Thread-290] INFO  org.apache.pig.backend.hadoop.executionengine.util.MapRedUtil  - Total input paths to process : 1
32394 [Thread-290] INFO  org.apache.pig.backend.hadoop.executionengine.util.MapRedUtil  - Total input paths (combined) to process : 1
33332 [main] INFO  org.apache.pig.backend.hadoop.executionengine.mapReduceLayer.MapReduceLauncher  - HadoopJobId: job_20130423103521173_0001
33332 [main] INFO  org.apache.pig.backend.hadoop.executionengine.mapReduceLayer.MapReduceLauncher  - More information at: http://localhost:63851/jobdetails.jsp?jobid=job_20130423103521173_0001
47217 [main] INFO  org.apache.pig.backend.hadoop.executionengine.mapReduceLayer.MapReduceLauncher  - 50% complete
52953 [main] INFO  org.apache.pig.backend.hadoop.executionengine.mapReduceLayer.MapReduceLauncher  - 100% complete
52956 [main] INFO  org.apache.pig.tools.pigstats.SimplePigStats  - Script Statistics: 

HadoopVersion	PigVersion	UserId	StartedAt	FinishedAt	Features
1.1.1	0.9.0	polzovatel	2013-04-23 10:35:43	2013-04-23 10:36:07	UNKNOWN

Success!

Job Stats (time in seconds):
JobId	Maps	Reduces	MaxMapTime	MinMapTIme	AvgMapTime	MaxReduceTime	MinReduceTime	AvgReduceTime	Alias	Feature	Outputs
job_20130423103521173_0001	1	0	5	5	5	0	0	0	A,B	MAP_ONLY	/user/test/opt/yahoo/oozie/sharelib/pig/target/test-data/oozietests/org.apache.oozie.action.hadoop.TestPigMainWithOldAPI/testPigScript/output,

Input(s):
Successfully read 1 records (495 bytes) from: "/user/test/opt/yahoo/oozie/sharelib/pig/target/test-data/oozietests/org.apache.oozie.action.hadoop.TestPigMainWithOldAPI/testPigScript/input"

Output(s):
Successfully stored 1 records (6 bytes) in: "/user/test/opt/yahoo/oozie/sharelib/pig/target/test-data/oozietests/org.apache.oozie.action.hadoop.TestPigMainWithOldAPI/testPigScript/output"

Counters:
Total records written : 1
Total bytes written : 6
Spillable Memory Manager spill count : 0
Total bags proactively spilled: 0
Total records proactively spilled: 0

Job DAG:
job_20130423103521173_0001


52968 [main] INFO  org.apache.pig.backend.hadoop.executionengine.mapReduceLayer.MapReduceLauncher  - Success!
