----------------------------------------------------------------
2013-04-15 09:19:32.405 GMT:
 Booting Derby version The Apache Software Foundation - Apache Derby - 10.6.1.0 - (938214): instance a816c00e-013e-0cfd-fd5b-00000435a2b8 
on database directory /opt/yahoo/oozie/tools/target/test-data/oozietests/org.apache.oozie.tools.TestOozieDBCLI/data.db   with class loader sun.misc.Launcher$AppClassLoader@43be2d65

Database Class Loader started - derby.database.classpath=''
----------------------------------------------------------------
2013-04-15 09:19:40.778 GMT:
 Booting Derby version The Apache Software Foundation - Apache Derby - 10.6.1.0 - (938214): instance c3350098-013e-0cfd-fd5b-00000435a2b8 
on database directory /opt/yahoo/oozie/tools/target/metastore_db   with class loader sun.misc.Launcher$AppClassLoader@43be2d65

Database Class Loader started - derby.database.classpath=''

2013-04-15 09:19:52.010 GMT:
Shutting down instance a816c00e-013e-0cfd-fd5b-00000435a2b8 with class loader sun.misc.Launcher$AppClassLoader@43be2d65 
----------------------------------------------------------------
----------------------------------------------------------------
2013-04-15 09:19:52.623 GMT:
 Booting Derby version The Apache Software Foundation - Apache Derby - 10.6.1.0 - (938214): instance 3213c186-013e-0cfd-fd5b-00000435a2b8 
on database directory /opt/yahoo/oozie/tools/target/test-data/oozietests/org.apache.oozie.tools.TestOozieDBCLI/data.db   with class loader sun.misc.Launcher$AppClassLoader@43be2d65

Database Class Loader started - derby.database.classpath=''

2013-04-15 09:19:53.579 GMT:
Shutting down instance 3213c186-013e-0cfd-fd5b-00000435a2b8 with class loader sun.misc.Launcher$AppClassLoader@43be2d65 
----------------------------------------------------------------
----------------------------------------------------------------
2013-04-15 09:19:53.613 GMT:
 Booting Derby version The Apache Software Foundation - Apache Derby - 10.6.1.0 - (938214): instance d2e68225-013e-0cfd-fd5b-00000435a2b8 
on database directory /opt/yahoo/oozie/tools/target/test-data/oozietests/org.apache.oozie.tools.TestOozieDBCLI/data.db   with class loader sun.misc.Launcher$AppClassLoader@43be2d65

Database Class Loader started - derby.database.classpath=''

2013-04-15 09:19:54.529 GMT:
Shutting down instance d2e68225-013e-0cfd-fd5b-00000435a2b8 with class loader sun.misc.Launcher$AppClassLoader@43be2d65 
----------------------------------------------------------------
----------------------------------------------------------------
2013-04-15 09:19:55.013 GMT:
 Booting Derby version The Apache Software Foundation - Apache Derby - 10.6.1.0 - (938214): instance ef63424a-013e-0cfd-fd5b-00000435a2b8 
on database directory /opt/yahoo/oozie/tools/target/test-data/oozietests/org.apache.oozie.tools.TestOozieDBCLI/data.db   with class loader sun.misc.Launcher$AppClassLoader@43be2d65

Database Class Loader started - derby.database.classpath=''

2013-04-15 09:19:55.115 GMT:
Shutting down instance ef63424a-013e-0cfd-fd5b-00000435a2b8 with class loader sun.misc.Launcher$AppClassLoader@43be2d65 
----------------------------------------------------------------
----------------------------------------------------------------
2013-04-15 09:19:55.134 GMT:
 Booting Derby version The Apache Software Foundation - Apache Derby - 10.6.1.0 - (938214): instance 8ee74257-013e-0cfd-fd5b-00000435a2b8 
on database directory /opt/yahoo/oozie/tools/target/test-data/oozietests/org.apache.oozie.tools.TestOozieDBCLI/data.db   with class loader sun.misc.Launcher$AppClassLoader@43be2d65

Database Class Loader started - derby.database.classpath=''
